[2019-02-19 20:38:12,496] WARN Writing to metrics Kafka topic will be disabled (io.confluent.support.metrics.PhoneHomeConfig:61)
[2019-02-19 20:38:12,499] WARN Enforcing customer ID 'anonymous' (io.confluent.support.metrics.PhoneHomeConfig:66)
[2019-02-19 20:38:12,512] WARN Please note that the version check feature of KSQL is enabled.  With this enabled, this instance is configured to collect and report anonymously the version information to Confluent, Inc. ("Confluent") or its parent, subsidiaries, affiliates or service providers every 24hours.  This Metadata may be transferred to any country in which Confluent maintains facilities.  For a more in depth discussion of how Confluent processes such information, please read our Privacy Policy located at http://www.confluent.io/privacy. By proceeding with `confluent.support.metrics.enable=true`, you agree to all such collection, transfer and use of Version information by Confluent. You can turn the version check  feature off by setting `confluent.support.metrics.enable=false` in the KSQL configuration and restarting the KSQL.  See the Confluent Platform documentation for further information. (io.confluent.ksql.version.metrics.KsqlVersionCheckerAgent:89)
[2019-02-19 20:38:15,352] ERROR Could not write the statement 'CREATE FUNCTION GREET(NAME VARCHAR) RETURNS STRING LANGUAGE JAVASCRIPT ;' into the command topic.
Caused by: Cannot assign command ID to statement of type
	io.confluent.ksql.parser.tree.CreateFunction
io.confluent.ksql.rest.server.resources.KsqlResource.distributeStatement(KsqlResource.java:636)
io.confluent.ksql.rest.server.resources.KsqlResource.executeStatement(KsqlResource.java:298)
io.confluent.ksql.rest.server.resources.KsqlResource.lambda$executeStatements$1(KsqlResource.java:276)
java.base/java.util.ArrayList.forEach(ArrayList.java:1540)
io.confluent.ksql.rest.server.resources.KsqlResource.executeStatements(KsqlResource.java:275)
io.confluent.ksql.rest.server.resources.KsqlResource.handleKsqlStatements(KsqlResource.java:241)
java.base/jdk.internal.reflect.NativeMethodAccessorImpl.invoke0(Native Method)
java.base/jdk.internal.reflect.NativeMethodAccessorImpl.invoke(NativeMethodAccessorImpl.java:62)
java.base/jdk.internal.reflect.DelegatingMethodAccessorImpl.invoke(DelegatingMethodAccessorImpl.java:43)
java.base/java.lang.reflect.Method.invoke(Method.java:566)
org.glassfish.jersey.server.model.internal.ResourceMethodInvocationHandlerFactory.lambda$static$0(ResourceMethodInvocationHandlerFactory.java:76)
org.glassfish.jersey.server.model.internal.AbstractJavaResourceMethodDispatcher$1.run(AbstractJavaResourceMethodDispatcher.java:148)
org.glassfish.jersey.server.model.internal.AbstractJavaResourceMethodDispatcher.invoke(AbstractJavaResourceMethodDispatcher.java:191)
org.glassfish.jersey.server.model.internal.JavaResourceMethodDispatcherProvider$ResponseOutInvoker.doDispatch(JavaResourceMethodDispatcherProvider.java:200)
org.glassfish.jersey.server.model.internal.AbstractJavaResourceMethodDispatcher.dispatch(AbstractJavaResourceMethodDispatcher.java:103)
org.glassfish.jersey.server.model.ResourceMethodInvoker.invoke(ResourceMethodInvoker.java:493)
org.glassfish.jersey.server.model.ResourceMethodInvoker.apply(ResourceMethodInvoker.java:415)
org.glassfish.jersey.server.model.ResourceMethodInvoker.apply(ResourceMethodInvoker.java:104)
org.glassfish.jersey.server.ServerRuntime$1.run(ServerRuntime.java:277)
org.glassfish.jersey.internal.Errors$1.call(Errors.java:272)
org.glassfish.jersey.internal.Errors$1.call(Errors.java:268)
org.glassfish.jersey.internal.Errors.process(Errors.java:316)
org.glassfish.jersey.internal.Errors.process(Errors.java:298)
org.glassfish.jersey.internal.Errors.process(Errors.java:268)
org.glassfish.jersey.process.internal.RequestScope.runInScope(RequestScope.java:289)
org.glassfish.jersey.server.ServerRuntime.process(ServerRuntime.java:256)
org.glassfish.jersey.server.ApplicationHandler.handle(ApplicationHandler.java:703)
org.glassfish.jersey.servlet.WebComponent.serviceImpl(WebComponent.java:416)
org.glassfish.jersey.servlet.ServletContainer.serviceImpl(ServletContainer.java:409)
org.glassfish.jersey.servlet.ServletContainer.doFilter(ServletContainer.java:584)
org.glassfish.jersey.servlet.ServletContainer.doFilter(ServletContainer.java:525)
org.glassfish.jersey.servlet.ServletContainer.doFilter(ServletContainer.java:462)
org.eclipse.jetty.servlet.ServletHandler$CachedChain.doFilter(ServletHandler.java:1610)
org.eclipse.jetty.servlet.ServletHandler.doHandle(ServletHandler.java:540)
org.eclipse.jetty.server.handler.ScopedHandler.nextHandle(ScopedHandler.java:255)
org.eclipse.jetty.server.session.SessionHandler.doHandle(SessionHandler.java:1588)
org.eclipse.jetty.server.handler.ScopedHandler.nextHandle(ScopedHandler.java:255)
org.eclipse.jetty.server.handler.ContextHandler.doHandle(ContextHandler.java:1345)
org.eclipse.jetty.server.handler.ScopedHandler.nextScope(ScopedHandler.java:203)
org.eclipse.jetty.servlet.ServletHandler.doScope(ServletHandler.java:480)
org.eclipse.jetty.server.session.SessionHandler.doScope(SessionHandler.java:1557)
org.eclipse.jetty.server.handler.ScopedHandler.nextScope(ScopedHandler.java:201)
org.eclipse.jetty.server.handler.ContextHandler.doScope(ContextHandler.java:1247)
org.eclipse.jetty.server.handler.ScopedHandler.handle(ScopedHandler.java:144)
org.eclipse.jetty.server.handler.HandlerCollection.handle(HandlerCollection.java:126)
org.eclipse.jetty.server.handler.StatisticsHandler.handle(StatisticsHandler.java:174)
org.eclipse.jetty.server.handler.ContextHandlerCollection.handle(ContextHandlerCollection.java:220)
org.eclipse.jetty.server.handler.gzip.GzipHandler.handle(GzipHandler.java:753)
org.eclipse.jetty.server.handler.HandlerWrapper.handle(HandlerWrapper.java:132)
org.eclipse.jetty.server.Server.handle(Server.java:502)
org.eclipse.jetty.server.HttpChannel.handle(HttpChannel.java:364)
org.eclipse.jetty.server.HttpConnection.onFillable(HttpConnection.java:260)
org.eclipse.jetty.io.AbstractConnection$ReadCallback.succeeded(AbstractConnection.java:305)
org.eclipse.jetty.io.FillInterest.fillable(FillInterest.java:103)
org.eclipse.jetty.io.ChannelEndPoint$2.run(ChannelEndPoint.java:118)
org.eclipse.jetty.util.thread.strategy.EatWhatYouKill.runTask(EatWhatYouKill.java:333)
org.eclipse.jetty.util.thread.strategy.EatWhatYouKill.doProduce(EatWhatYouKill.java:310)
org.eclipse.jetty.util.thread.strategy.EatWhatYouKill.tryProduce(EatWhatYouKill.java:168)
org.eclipse.jetty.util.thread.strategy.EatWhatYouKill.run(EatWhatYouKill.java:126)
org.eclipse.jetty.util.thread.ReservedThreadExecutor$ReservedThread.run(ReservedThreadExecutor.java:366)
org.eclipse.jetty.util.thread.QueuedThreadPool.runJob(QueuedThreadPool.java:765)
org.eclipse.jetty.util.thread.QueuedThreadPool$2.run(QueuedThreadPool.java:683)
java.base/java.lang.Thread.run(Thread.java:834)
 (io.confluent.ksql.cli.console.Console:254)
