[2019-02-19 15:35:45,850] INFO KsqlRestConfig values: 
	metric.reporters = []
	ssl.client.auth = false
	ksql.server.install.dir = /Users/mseymour/development/ksql
	rest.servlet.initializor.classes = []
	ksql.server.websockets.num.threads = 5
	response.mediatype.default = application/json
	websocket.path.prefix = /ws
	resource.extension.classes = []
	authentication.realm = 
	ssl.keystore.type = JKS
	ssl.trustmanager.algorithm = 
	authentication.method = NONE
	metrics.jmx.prefix = rest-utils
	request.logger.name = io.confluent.rest-utils.requests
	ssl.key.password = [hidden]
	ssl.truststore.password = [hidden]
	authentication.roles = [*]
	metrics.num.samples = 2
	ssl.endpoint.identification.algorithm = 
	compression.enable = true
	query.stream.disconnect.check = 1000
	ssl.protocol = TLS
	debug = false
	listeners = [http://localhost:8088]
	ssl.provider = 
	ssl.enabled.protocols = []
	shutdown.graceful.ms = 1000
	ssl.keystore.location = 
	response.mediatype.preferred = [application/json]
	ssl.cipher.suites = []
	authentication.skip.paths = []
	ssl.truststore.type = JKS
	websocket.servlet.initializor.classes = []
	access.control.allow.methods = 
	access.control.allow.origin = 
	ssl.truststore.location = 
	ksql.server.command.response.timeout.ms = 5000
	ssl.keystore.password = [hidden]
	ssl.keymanager.algorithm = 
	port = 8080
	access.control.allow.headers = 
	metrics.sample.window.ms = 30000
	metrics.tag.map = {}
 (io.confluent.ksql.rest.server.KsqlRestConfig:179)
[2019-02-19 15:35:45,919] INFO KsqlConfig values: 
	ksql.extension.dir = ext
	ksql.functions.substring.legacy.args = false
	ksql.named.internal.topics = on
	ksql.output.topic.name.prefix = 
	ksql.persistent.prefix = query_
	ksql.query.persistent.active.limit = 2147483647
	ksql.schema.registry.url = http://localhost:8081
	ksql.service.id = default_
	ksql.sink.partitions = 4
	ksql.sink.replicas = 1
	ksql.sink.window.change.log.additional.retention = 1000000
	ksql.statestore.suffix = _ksql_statestore
	ksql.transient.prefix = transient_
	ksql.udf.collect.metrics = false
	ksql.udf.enable.security.manager = true
	ksql.udfs.enabled = true
	ksql.windowed.session.key.legacy = false
	ssl.cipher.suites = null
	ssl.enabled.protocols = [TLSv1.2, TLSv1.1, TLSv1]
	ssl.endpoint.identification.algorithm = https
	ssl.key.password = null
	ssl.keymanager.algorithm = SunX509
	ssl.keystore.location = null
	ssl.keystore.password = null
	ssl.keystore.type = JKS
	ssl.protocol = TLS
	ssl.provider = null
	ssl.secure.random.implementation = null
	ssl.trustmanager.algorithm = PKIX
	ssl.truststore.location = null
	ssl.truststore.password = null
	ssl.truststore.type = JKS
 (io.confluent.ksql.util.KsqlConfig:279)
[2019-02-19 15:39:58,913] INFO KsqlRestConfig values: 
	metric.reporters = []
	ssl.client.auth = false
	ksql.server.install.dir = /Users/mseymour/development/ksql
	rest.servlet.initializor.classes = []
	ksql.server.websockets.num.threads = 5
	response.mediatype.default = application/json
	websocket.path.prefix = /ws
	resource.extension.classes = []
	authentication.realm = 
	ssl.keystore.type = JKS
	ssl.trustmanager.algorithm = 
	authentication.method = NONE
	metrics.jmx.prefix = rest-utils
	request.logger.name = io.confluent.rest-utils.requests
	ssl.key.password = [hidden]
	ssl.truststore.password = [hidden]
	authentication.roles = [*]
	metrics.num.samples = 2
	ssl.endpoint.identification.algorithm = 
	compression.enable = true
	query.stream.disconnect.check = 1000
	ssl.protocol = TLS
	debug = false
	listeners = [http://localhost:8088]
	ssl.provider = 
	ssl.enabled.protocols = []
	shutdown.graceful.ms = 1000
	ssl.keystore.location = 
	response.mediatype.preferred = [application/json]
	ssl.cipher.suites = []
	authentication.skip.paths = []
	ssl.truststore.type = JKS
	websocket.servlet.initializor.classes = []
	access.control.allow.methods = 
	access.control.allow.origin = 
	ssl.truststore.location = 
	ksql.server.command.response.timeout.ms = 5000
	ssl.keystore.password = [hidden]
	ssl.keymanager.algorithm = 
	port = 8080
	access.control.allow.headers = 
	metrics.sample.window.ms = 30000
	metrics.tag.map = {}
 (io.confluent.ksql.rest.server.KsqlRestConfig:179)
[2019-02-19 15:39:59,001] INFO KsqlConfig values: 
	ksql.extension.dir = ext
	ksql.functions.substring.legacy.args = false
	ksql.named.internal.topics = on
	ksql.output.topic.name.prefix = 
	ksql.persistent.prefix = query_
	ksql.query.persistent.active.limit = 2147483647
	ksql.schema.registry.url = http://localhost:8081
	ksql.service.id = default_
	ksql.sink.partitions = 4
	ksql.sink.replicas = 1
	ksql.sink.window.change.log.additional.retention = 1000000
	ksql.statestore.suffix = _ksql_statestore
	ksql.transient.prefix = transient_
	ksql.udf.collect.metrics = false
	ksql.udf.enable.security.manager = true
	ksql.udfs.enabled = true
	ksql.windowed.session.key.legacy = false
	ssl.cipher.suites = null
	ssl.enabled.protocols = [TLSv1.2, TLSv1.1, TLSv1]
	ssl.endpoint.identification.algorithm = https
	ssl.key.password = null
	ssl.keymanager.algorithm = SunX509
	ssl.keystore.location = null
	ssl.keystore.password = null
	ssl.keystore.type = JKS
	ssl.protocol = TLS
	ssl.provider = null
	ssl.secure.random.implementation = null
	ssl.trustmanager.algorithm = PKIX
	ssl.truststore.location = null
	ssl.truststore.password = null
	ssl.truststore.type = JKS
 (io.confluent.ksql.util.KsqlConfig:279)
[2019-02-19 15:39:59,720] INFO ProcessingLogConfig values: 
	ksql.processing.log.include.rows = false
	ksql.processing.log.stream.auto.create = false
	ksql.processing.log.stream.name = KSQL_PROCESSING_LOG
	ksql.processing.log.topic.auto.create = false
	ksql.processing.log.topic.name = 
	ksql.processing.log.topic.partitions = 1
	ksql.processing.log.topic.replication.factor = 1
 (io.confluent.ksql.processing.log.ProcessingLogConfig:279)
[2019-02-19 15:39:59,929] INFO Setting UDF blacklisted classes to:  (io.confluent.ksql.function.Blacklist:69)
[2019-02-19 15:40:00,145] INFO Adding UDF name='datetostring' from path=internal (io.confluent.ksql.function.UdfLoader:210)
[2019-02-19 15:40:00,484] INFO Adding function datetostring for method public java.lang.String io.confluent.ksql.function.udf.datetime.DateToString.dateToString(int,java.lang.String) (io.confluent.ksql.function.UdfLoader:244)
[2019-02-19 15:40:00,503] INFO Adding UDF name='stringtodate' from path=internal (io.confluent.ksql.function.UdfLoader:210)
[2019-02-19 15:40:00,513] INFO Adding function stringtodate for method public int io.confluent.ksql.function.udf.datetime.StringToDate.stringToDate(java.lang.String,java.lang.String) (io.confluent.ksql.function.UdfLoader:244)
[2019-02-19 15:40:00,514] INFO Adding UDF name='stringtotimestamp' from path=internal (io.confluent.ksql.function.UdfLoader:210)
[2019-02-19 15:40:00,523] INFO Adding function stringtotimestamp for method public long io.confluent.ksql.function.udf.datetime.StringToTimestamp.stringToTimestamp(java.lang.String,java.lang.String) (io.confluent.ksql.function.UdfLoader:244)
[2019-02-19 15:40:00,523] INFO Adding UDF name='stringtotimestamp' from path=internal (io.confluent.ksql.function.UdfLoader:210)
[2019-02-19 15:40:00,530] INFO Adding function stringtotimestamp for method public long io.confluent.ksql.function.udf.datetime.StringToTimestamp.stringToTimestamp(java.lang.String,java.lang.String,java.lang.String) (io.confluent.ksql.function.UdfLoader:244)
[2019-02-19 15:40:00,532] INFO Adding UDF name='timestamptostring' from path=internal (io.confluent.ksql.function.UdfLoader:210)
[2019-02-19 15:40:00,538] INFO Adding function timestamptostring for method public java.lang.String io.confluent.ksql.function.udf.datetime.TimestampToString.timestampToString(long,java.lang.String) (io.confluent.ksql.function.UdfLoader:244)
[2019-02-19 15:40:00,538] INFO Adding UDF name='timestamptostring' from path=internal (io.confluent.ksql.function.UdfLoader:210)
[2019-02-19 15:40:00,544] INFO Adding function timestamptostring for method public java.lang.String io.confluent.ksql.function.udf.datetime.TimestampToString.timestampToString(long,java.lang.String,java.lang.String) (io.confluent.ksql.function.UdfLoader:244)
[2019-02-19 15:40:00,546] INFO Adding UDF name='mask_keep_left' from path=internal (io.confluent.ksql.function.UdfLoader:210)
[2019-02-19 15:40:00,553] INFO Adding function mask_keep_left for method public java.lang.String io.confluent.ksql.function.udf.string.MaskKeepLeftKudf.mask(java.lang.String,int,java.lang.String,java.lang.String,java.lang.String,java.lang.String) (io.confluent.ksql.function.UdfLoader:244)
[2019-02-19 15:40:00,554] INFO Adding UDF name='mask_keep_left' from path=internal (io.confluent.ksql.function.UdfLoader:210)
[2019-02-19 15:40:00,558] INFO Adding function mask_keep_left for method public java.lang.String io.confluent.ksql.function.udf.string.MaskKeepLeftKudf.mask(java.lang.String,int) (io.confluent.ksql.function.UdfLoader:244)
[2019-02-19 15:40:00,559] INFO Adding UDF name='mask_keep_right' from path=internal (io.confluent.ksql.function.UdfLoader:210)
[2019-02-19 15:40:00,565] INFO Adding function mask_keep_right for method public java.lang.String io.confluent.ksql.function.udf.string.MaskKeepRightKudf.mask(java.lang.String,int,java.lang.String,java.lang.String,java.lang.String,java.lang.String) (io.confluent.ksql.function.UdfLoader:244)
[2019-02-19 15:40:00,566] INFO Adding UDF name='mask_keep_right' from path=internal (io.confluent.ksql.function.UdfLoader:210)
[2019-02-19 15:40:00,570] INFO Adding function mask_keep_right for method public java.lang.String io.confluent.ksql.function.udf.string.MaskKeepRightKudf.mask(java.lang.String,int) (io.confluent.ksql.function.UdfLoader:244)
[2019-02-19 15:40:00,571] INFO Adding UDF name='mask' from path=internal (io.confluent.ksql.function.UdfLoader:210)
[2019-02-19 15:40:00,577] INFO Adding function mask for method public java.lang.String io.confluent.ksql.function.udf.string.MaskKudf.mask(java.lang.String,java.lang.String,java.lang.String,java.lang.String,java.lang.String) (io.confluent.ksql.function.UdfLoader:244)
[2019-02-19 15:40:00,578] INFO Adding UDF name='mask' from path=internal (io.confluent.ksql.function.UdfLoader:210)
[2019-02-19 15:40:00,582] INFO Adding function mask for method public java.lang.String io.confluent.ksql.function.udf.string.MaskKudf.mask(java.lang.String) (io.confluent.ksql.function.UdfLoader:244)
[2019-02-19 15:40:00,583] INFO Adding UDF name='mask_left' from path=internal (io.confluent.ksql.function.UdfLoader:210)
[2019-02-19 15:40:00,590] INFO Adding function mask_left for method public java.lang.String io.confluent.ksql.function.udf.string.MaskLeftKudf.mask(java.lang.String,int,java.lang.String,java.lang.String,java.lang.String,java.lang.String) (io.confluent.ksql.function.UdfLoader:244)
[2019-02-19 15:40:00,591] INFO Adding UDF name='mask_left' from path=internal (io.confluent.ksql.function.UdfLoader:210)
[2019-02-19 15:40:00,597] INFO Adding function mask_left for method public java.lang.String io.confluent.ksql.function.udf.string.MaskLeftKudf.mask(java.lang.String,int) (io.confluent.ksql.function.UdfLoader:244)
[2019-02-19 15:40:00,598] INFO Adding UDF name='mask_right' from path=internal (io.confluent.ksql.function.UdfLoader:210)
[2019-02-19 15:40:00,605] INFO Adding function mask_right for method public java.lang.String io.confluent.ksql.function.udf.string.MaskRightKudf.mask(java.lang.String,int,java.lang.String,java.lang.String,java.lang.String,java.lang.String) (io.confluent.ksql.function.UdfLoader:244)
[2019-02-19 15:40:00,606] INFO Adding UDF name='mask_right' from path=internal (io.confluent.ksql.function.UdfLoader:210)
[2019-02-19 15:40:00,612] INFO Adding function mask_right for method public java.lang.String io.confluent.ksql.function.udf.string.MaskRightKudf.mask(java.lang.String,int) (io.confluent.ksql.function.UdfLoader:244)
[2019-02-19 15:40:00,613] INFO Adding UDF name='split' from path=internal (io.confluent.ksql.function.UdfLoader:210)
[2019-02-19 15:40:00,618] INFO Adding function split for method public java.util.List io.confluent.ksql.function.udf.string.SplitKudf.split(java.lang.String,java.lang.String) (io.confluent.ksql.function.UdfLoader:244)
[2019-02-19 15:40:00,619] INFO Adding UDF name='substring' from path=internal (io.confluent.ksql.function.UdfLoader:210)
[2019-02-19 15:40:00,624] INFO Adding function substring for method public java.lang.String io.confluent.ksql.function.udf.string.Substring.substring(java.lang.String,java.lang.Integer,java.lang.Integer) (io.confluent.ksql.function.UdfLoader:244)
[2019-02-19 15:40:00,625] INFO Adding UDF name='substring' from path=internal (io.confluent.ksql.function.UdfLoader:210)
[2019-02-19 15:40:00,629] INFO Adding function substring for method public java.lang.String io.confluent.ksql.function.udf.string.Substring.substring(java.lang.String,java.lang.Integer) (io.confluent.ksql.function.UdfLoader:244)
[2019-02-19 15:40:00,630] INFO Adding UDF name='url_decode_param' from path=internal (io.confluent.ksql.function.UdfLoader:210)
[2019-02-19 15:40:00,635] INFO Adding function url_decode_param for method public java.lang.String io.confluent.ksql.function.udf.url.UrlDecodeParamKudf.decodeParam(java.lang.String) (io.confluent.ksql.function.UdfLoader:244)
[2019-02-19 15:40:00,636] INFO Adding UDF name='url_encode_param' from path=internal (io.confluent.ksql.function.UdfLoader:210)
[2019-02-19 15:40:00,640] INFO Adding function url_encode_param for method public java.lang.String io.confluent.ksql.function.udf.url.UrlEncodeParamKudf.encodeParam(java.lang.String) (io.confluent.ksql.function.UdfLoader:244)
[2019-02-19 15:40:00,641] INFO Adding UDF name='url_extract_fragment' from path=internal (io.confluent.ksql.function.UdfLoader:210)
[2019-02-19 15:40:00,647] INFO Adding function url_extract_fragment for method public java.lang.String io.confluent.ksql.function.udf.url.UrlExtractFragmentKudf.extractFragment(java.lang.String) (io.confluent.ksql.function.UdfLoader:244)
[2019-02-19 15:40:00,647] INFO Adding UDF name='url_extract_host' from path=internal (io.confluent.ksql.function.UdfLoader:210)
[2019-02-19 15:40:00,652] INFO Adding function url_extract_host for method public java.lang.String io.confluent.ksql.function.udf.url.UrlExtractHostKudf.extractHost(java.lang.String) (io.confluent.ksql.function.UdfLoader:244)
[2019-02-19 15:40:00,654] INFO Adding UDF name='url_extract_parameter' from path=internal (io.confluent.ksql.function.UdfLoader:210)
[2019-02-19 15:40:00,673] INFO Adding function url_extract_parameter for method public java.lang.String io.confluent.ksql.function.udf.url.UrlExtractParameterKudf.extractParam(java.lang.String,java.lang.String) (io.confluent.ksql.function.UdfLoader:244)
[2019-02-19 15:40:00,674] INFO Adding UDF name='url_extract_path' from path=internal (io.confluent.ksql.function.UdfLoader:210)
[2019-02-19 15:40:00,680] INFO Adding function url_extract_path for method public java.lang.String io.confluent.ksql.function.udf.url.UrlExtractPathKudf.extractPath(java.lang.String) (io.confluent.ksql.function.UdfLoader:244)
[2019-02-19 15:40:00,681] INFO Adding UDF name='url_extract_port' from path=internal (io.confluent.ksql.function.UdfLoader:210)
[2019-02-19 15:40:00,687] INFO Adding function url_extract_port for method public java.lang.Integer io.confluent.ksql.function.udf.url.UrlExtractPortKudf.extractPort(java.lang.String) (io.confluent.ksql.function.UdfLoader:244)
[2019-02-19 15:40:00,688] INFO Adding UDF name='url_extract_protocol' from path=internal (io.confluent.ksql.function.UdfLoader:210)
[2019-02-19 15:40:00,694] INFO Adding function url_extract_protocol for method public java.lang.String io.confluent.ksql.function.udf.url.UrlExtractProtocolKudf.extractProtocol(java.lang.String) (io.confluent.ksql.function.UdfLoader:244)
[2019-02-19 15:40:00,695] INFO Adding UDF name='url_extract_query' from path=internal (io.confluent.ksql.function.UdfLoader:210)
[2019-02-19 15:40:00,700] INFO Adding function url_extract_query for method public java.lang.String io.confluent.ksql.function.udf.url.UrlExtractQueryKudf.extractQuery(java.lang.String) (io.confluent.ksql.function.UdfLoader:244)
[2019-02-19 15:40:00,705] INFO Adding UDAF name=collect_list from path=internal class=class io.confluent.ksql.function.udaf.array.CollectListUdaf (io.confluent.ksql.function.UdfLoader:166)
[2019-02-19 15:40:00,744] INFO Adding UDAF name=collect_list from path=internal class=class io.confluent.ksql.function.udaf.array.CollectListUdaf (io.confluent.ksql.function.UdfLoader:166)
[2019-02-19 15:40:00,755] INFO Adding UDAF name=collect_list from path=internal class=class io.confluent.ksql.function.udaf.array.CollectListUdaf (io.confluent.ksql.function.UdfLoader:166)
[2019-02-19 15:40:00,799] INFO Adding UDAF name=collect_list from path=internal class=class io.confluent.ksql.function.udaf.array.CollectListUdaf (io.confluent.ksql.function.UdfLoader:166)
[2019-02-19 15:40:00,817] INFO Adding UDAF name=collect_list from path=internal class=class io.confluent.ksql.function.udaf.array.CollectListUdaf (io.confluent.ksql.function.UdfLoader:166)
[2019-02-19 15:40:00,848] INFO Adding UDAF name=collect_set from path=internal class=class io.confluent.ksql.function.udaf.array.CollectSetUdaf (io.confluent.ksql.function.UdfLoader:166)
[2019-02-19 15:40:00,871] INFO Adding UDAF name=collect_set from path=internal class=class io.confluent.ksql.function.udaf.array.CollectSetUdaf (io.confluent.ksql.function.UdfLoader:166)
[2019-02-19 15:40:00,886] INFO Adding UDAF name=collect_set from path=internal class=class io.confluent.ksql.function.udaf.array.CollectSetUdaf (io.confluent.ksql.function.UdfLoader:166)
[2019-02-19 15:40:00,899] INFO Adding UDAF name=collect_set from path=internal class=class io.confluent.ksql.function.udaf.array.CollectSetUdaf (io.confluent.ksql.function.UdfLoader:166)
[2019-02-19 15:40:00,916] INFO Adding UDAF name=collect_set from path=internal class=class io.confluent.ksql.function.udaf.array.CollectSetUdaf (io.confluent.ksql.function.UdfLoader:166)
[2019-02-19 15:40:00,929] INFO Adding UDAF name=histogram from path=internal class=class io.confluent.ksql.function.udaf.map.HistogramUdaf (io.confluent.ksql.function.UdfLoader:166)
[2019-02-19 15:40:00,940] INFO Adding UDAF name=WindowEnd from path=internal class=class io.confluent.ksql.function.udaf.window.WindowEndKudaf (io.confluent.ksql.function.UdfLoader:166)
[2019-02-19 15:40:00,951] INFO Adding UDAF name=WindowStart from path=internal class=class io.confluent.ksql.function.udaf.window.WindowStartKudaf (io.confluent.ksql.function.UdfLoader:166)
[2019-02-19 15:40:01,073] INFO Corrected retention.ms on command topic. topic:_confluent-ksql-default__command_topic, retention.ms:9223372036854775807 (io.confluent.ksql.rest.server.KsqlRestApplication:469)
[2019-02-19 15:40:01,238] INFO KafkaJsonDeserializerConfig values: 
	json.fail.unknown.properties = true
	json.key.type = class io.confluent.ksql.rest.server.computation.CommandId
	json.value.type = class java.lang.Object
 (io.confluent.kafka.serializers.KafkaJsonDeserializerConfig:179)
[2019-02-19 15:40:01,239] INFO KafkaJsonDeserializerConfig values: 
	json.fail.unknown.properties = true
	json.key.type = class java.lang.Object
	json.value.type = class io.confluent.ksql.rest.server.computation.Command
 (io.confluent.kafka.serializers.KafkaJsonDeserializerConfig:179)
[2019-02-19 15:40:01,287] INFO KafkaJsonSerializerConfig values: 
	json.indent.output = false
 (io.confluent.kafka.serializers.KafkaJsonSerializerConfig:179)
[2019-02-19 15:40:01,287] INFO KafkaJsonSerializerConfig values: 
	json.indent.output = false
 (io.confluent.kafka.serializers.KafkaJsonSerializerConfig:179)
[2019-02-19 15:40:06,616] INFO Logging initialized @8874ms to org.eclipse.jetty.util.log.Slf4jLog (org.eclipse.jetty.util.log:193)
[2019-02-19 15:40:06,625] INFO Starting server (io.confluent.ksql.rest.server.KsqlServerMain:56)
[2019-02-19 15:40:06,762] INFO Adding listener: http://localhost:8088 (io.confluent.rest.Application:226)
[2019-02-19 15:40:07,055] INFO jetty-9.4.14.v20181114; built: 2018-11-14T21:20:31.478Z; git: c4550056e785fb5665914545889f21dc136ad9e6; jvm 11.0.2+9-LTS (org.eclipse.jetty.server.Server:370)
[2019-02-19 15:40:07,092] INFO DefaultSessionIdManager workerName=node0 (org.eclipse.jetty.server.session:365)
[2019-02-19 15:40:07,093] INFO No SessionScavenger set, using defaults (org.eclipse.jetty.server.session:370)
[2019-02-19 15:40:07,094] INFO node0 Scavenging every 660000ms (org.eclipse.jetty.server.session:149)
[2019-02-19 15:40:07,714] INFO HV000001: Hibernate Validator 5.1.3.Final (org.hibernate.validator.internal.util.Version:27)
[2019-02-19 15:40:07,837] INFO Started o.e.j.s.ServletContextHandler@70f68288{/,null,AVAILABLE} (org.eclipse.jetty.server.handler.ContextHandler:855)
[2019-02-19 15:40:07,868] INFO Started o.e.j.s.ServletContextHandler@52d6d273{/ws,null,AVAILABLE} (org.eclipse.jetty.server.handler.ContextHandler:855)
[2019-02-19 15:40:07,884] INFO Started NetworkTrafficServerConnector@201c3cda{HTTP/1.1,[http/1.1]}{localhost:8088} (org.eclipse.jetty.server.AbstractConnector:292)
[2019-02-19 15:40:07,885] INFO Started @10143ms (org.eclipse.jetty.server.Server:407)
[2019-02-19 15:40:07,885] WARN Writing to metrics Kafka topic will be disabled (io.confluent.support.metrics.PhoneHomeConfig:61)
[2019-02-19 15:40:07,885] INFO No customer ID configured -- falling back to id 'anonymous' (io.confluent.support.metrics.BaseSupportConfig:342)
[2019-02-19 15:40:07,885] WARN Enforcing customer ID 'anonymous' (io.confluent.support.metrics.PhoneHomeConfig:66)
[2019-02-19 15:40:07,900] WARN Please note that the version check feature of KSQL is enabled.  With this enabled, this instance is configured to collect and report anonymously the version information to Confluent, Inc. ("Confluent") or its parent, subsidiaries, affiliates or service providers every 24hours.  This Metadata may be transferred to any country in which Confluent maintains facilities.  For a more in depth discussion of how Confluent processes such information, please read our Privacy Policy located at http://www.confluent.io/privacy. By proceeding with `confluent.support.metrics.enable=true`, you agree to all such collection, transfer and use of Version information by Confluent. You can turn the version check  feature off by setting `confluent.support.metrics.enable=false` in the KSQL configuration and restarting the KSQL.  See the Confluent Platform documentation for further information. (io.confluent.ksql.version.metrics.KsqlVersionCheckerAgent:89)
[2019-02-19 15:40:07,900] INFO Waiting until monitored service is ready for metrics collection (io.confluent.support.metrics.BaseMetricsReporter:197)
[2019-02-19 15:40:07,902] INFO Monitored service is now ready (io.confluent.support.metrics.BaseMetricsReporter:208)
[2019-02-19 15:40:07,902] INFO Attempting to collect and submit metrics (io.confluent.support.metrics.BaseMetricsReporter:168)
[2019-02-19 15:40:07,906] INFO Server up and running (io.confluent.ksql.rest.server.KsqlServerMain:58)
[2019-02-19 15:40:09,077] INFO Successfully submitted metrics to Confluent via secure endpoint (io.confluent.support.metrics.submitters.ConfluentSubmitter:149)
[2019-02-19 15:40:20,828] INFO 127.0.0.1 - - [19/Feb/2019:20:40:20 +0000] "GET /info HTTP/1.1" 200 116  195 (io.confluent.rest-utils.requests:60)
[2019-02-19 15:40:20,943] INFO 127.0.0.1 - - [19/Feb/2019:20:40:20 +0000] "GET /info HTTP/1.1" 200 116  2 (io.confluent.rest-utils.requests:60)
[2019-02-19 15:40:26,713] INFO 127.0.0.1 - - [19/Feb/2019:20:40:26 +0000] "POST /ksql HTTP/1.1" 200 1827  134 (io.confluent.rest-utils.requests:60)
[2019-02-19 15:40:37,379] INFO KsqlConfig values: 
	ksql.extension.dir = ext
	ksql.functions.substring.legacy.args = false
	ksql.named.internal.topics = on
	ksql.output.topic.name.prefix = 
	ksql.persistent.prefix = query_
	ksql.query.persistent.active.limit = 2147483647
	ksql.schema.registry.url = http://localhost:8081
	ksql.service.id = default_
	ksql.sink.partitions = 4
	ksql.sink.replicas = 1
	ksql.sink.window.change.log.additional.retention = 1000000
	ksql.statestore.suffix = _ksql_statestore
	ksql.transient.prefix = transient_
	ksql.udf.collect.metrics = false
	ksql.udf.enable.security.manager = true
	ksql.udfs.enabled = true
	ksql.windowed.session.key.legacy = false
	ssl.cipher.suites = null
	ssl.enabled.protocols = [TLSv1.2, TLSv1.1, TLSv1]
	ssl.endpoint.identification.algorithm = https
	ssl.key.password = null
	ssl.keymanager.algorithm = SunX509
	ssl.keystore.location = null
	ssl.keystore.password = null
	ssl.keystore.type = JKS
	ssl.protocol = TLS
	ssl.provider = null
	ssl.secure.random.implementation = null
	ssl.trustmanager.algorithm = PKIX
	ssl.truststore.location = null
	ssl.truststore.password = null
	ssl.truststore.type = JKS
 (io.confluent.ksql.util.KsqlConfig:279)
[2019-02-19 15:40:37,380] INFO Build logical plan for CREATE FUNCTION GREET(NAME VARCHAR) RETURNS STRING LANGUAGE JAVASCRIPT 
;. (io.confluent.ksql.QueryEngine:82)
[2019-02-19 15:40:37,395] INFO 127.0.0.1 - - [19/Feb/2019:20:40:37 +0000] "POST /ksql HTTP/1.1" 400 694  32 (io.confluent.rest-utils.requests:60)
[2019-02-19 17:01:17,899] INFO Stopped NetworkTrafficServerConnector@201c3cda{HTTP/1.1,[http/1.1]}{localhost:8088} (org.eclipse.jetty.server.AbstractConnector:341)
[2019-02-19 17:01:17,899] INFO node0 Stopped scavenging (org.eclipse.jetty.server.session:167)
[2019-02-19 17:01:17,902] INFO Stopped o.e.j.s.ServletContextHandler@52d6d273{/ws,null,UNAVAILABLE} (org.eclipse.jetty.server.handler.ContextHandler:1045)
[2019-02-19 17:01:17,913] INFO Stopped o.e.j.s.ServletContextHandler@70f68288{/,null,UNAVAILABLE} (org.eclipse.jetty.server.handler.ContextHandler:1045)
[2019-02-19 17:01:17,915] INFO Server shutting down (io.confluent.ksql.rest.server.KsqlServerMain:61)
[2019-02-19 17:26:11,680] INFO KsqlRestConfig values: 
	metric.reporters = []
	ssl.client.auth = false
	ksql.server.install.dir = /Users/mseymour/development/ksql
	rest.servlet.initializor.classes = []
	ksql.server.websockets.num.threads = 5
	response.mediatype.default = application/json
	websocket.path.prefix = /ws
	resource.extension.classes = []
	authentication.realm = 
	ssl.keystore.type = JKS
	ssl.trustmanager.algorithm = 
	authentication.method = NONE
	metrics.jmx.prefix = rest-utils
	request.logger.name = io.confluent.rest-utils.requests
	ssl.key.password = [hidden]
	ssl.truststore.password = [hidden]
	authentication.roles = [*]
	metrics.num.samples = 2
	ssl.endpoint.identification.algorithm = 
	compression.enable = true
	query.stream.disconnect.check = 1000
	ssl.protocol = TLS
	debug = false
	listeners = [http://localhost:8088]
	ssl.provider = 
	ssl.enabled.protocols = []
	shutdown.graceful.ms = 1000
	ssl.keystore.location = 
	response.mediatype.preferred = [application/json]
	ssl.cipher.suites = []
	authentication.skip.paths = []
	ssl.truststore.type = JKS
	websocket.servlet.initializor.classes = []
	access.control.allow.methods = 
	access.control.allow.origin = 
	ssl.truststore.location = 
	ksql.server.command.response.timeout.ms = 5000
	ssl.keystore.password = [hidden]
	ssl.keymanager.algorithm = 
	port = 8080
	access.control.allow.headers = 
	metrics.sample.window.ms = 30000
	metrics.tag.map = {}
 (io.confluent.ksql.rest.server.KsqlRestConfig:179)
[2019-02-19 17:26:11,751] INFO KsqlConfig values: 
	ksql.extension.dir = ext
	ksql.functions.substring.legacy.args = false
	ksql.named.internal.topics = on
	ksql.output.topic.name.prefix = 
	ksql.persistent.prefix = query_
	ksql.query.persistent.active.limit = 2147483647
	ksql.schema.registry.url = http://localhost:8081
	ksql.service.id = default_
	ksql.sink.partitions = 4
	ksql.sink.replicas = 1
	ksql.sink.window.change.log.additional.retention = 1000000
	ksql.statestore.suffix = _ksql_statestore
	ksql.transient.prefix = transient_
	ksql.udf.collect.metrics = false
	ksql.udf.enable.security.manager = true
	ksql.udfs.enabled = true
	ksql.windowed.session.key.legacy = false
	ssl.cipher.suites = null
	ssl.enabled.protocols = [TLSv1.2, TLSv1.1, TLSv1]
	ssl.endpoint.identification.algorithm = https
	ssl.key.password = null
	ssl.keymanager.algorithm = SunX509
	ssl.keystore.location = null
	ssl.keystore.password = null
	ssl.keystore.type = JKS
	ssl.protocol = TLS
	ssl.provider = null
	ssl.secure.random.implementation = null
	ssl.trustmanager.algorithm = PKIX
	ssl.truststore.location = null
	ssl.truststore.password = null
	ssl.truststore.type = JKS
 (io.confluent.ksql.util.KsqlConfig:279)
[2019-02-19 17:26:12,323] INFO ProcessingLogConfig values: 
	ksql.processing.log.include.rows = false
	ksql.processing.log.stream.auto.create = false
	ksql.processing.log.stream.name = KSQL_PROCESSING_LOG
	ksql.processing.log.topic.auto.create = false
	ksql.processing.log.topic.name = 
	ksql.processing.log.topic.partitions = 1
	ksql.processing.log.topic.replication.factor = 1
 (io.confluent.ksql.processing.log.ProcessingLogConfig:279)
[2019-02-19 17:26:12,498] INFO Setting UDF blacklisted classes to:  (io.confluent.ksql.function.Blacklist:69)
[2019-02-19 17:26:12,726] INFO Adding UDF name='datetostring' from path=internal (io.confluent.ksql.function.UdfLoader:210)
[2019-02-19 17:26:13,086] INFO Adding function datetostring for method public java.lang.String io.confluent.ksql.function.udf.datetime.DateToString.dateToString(int,java.lang.String) (io.confluent.ksql.function.UdfLoader:244)
[2019-02-19 17:26:13,108] INFO Adding UDF name='stringtodate' from path=internal (io.confluent.ksql.function.UdfLoader:210)
[2019-02-19 17:26:13,117] INFO Adding function stringtodate for method public int io.confluent.ksql.function.udf.datetime.StringToDate.stringToDate(java.lang.String,java.lang.String) (io.confluent.ksql.function.UdfLoader:244)
[2019-02-19 17:26:13,118] INFO Adding UDF name='stringtotimestamp' from path=internal (io.confluent.ksql.function.UdfLoader:210)
[2019-02-19 17:26:13,126] INFO Adding function stringtotimestamp for method public long io.confluent.ksql.function.udf.datetime.StringToTimestamp.stringToTimestamp(java.lang.String,java.lang.String) (io.confluent.ksql.function.UdfLoader:244)
[2019-02-19 17:26:13,127] INFO Adding UDF name='stringtotimestamp' from path=internal (io.confluent.ksql.function.UdfLoader:210)
[2019-02-19 17:26:13,134] INFO Adding function stringtotimestamp for method public long io.confluent.ksql.function.udf.datetime.StringToTimestamp.stringToTimestamp(java.lang.String,java.lang.String,java.lang.String) (io.confluent.ksql.function.UdfLoader:244)
[2019-02-19 17:26:13,136] INFO Adding UDF name='timestamptostring' from path=internal (io.confluent.ksql.function.UdfLoader:210)
[2019-02-19 17:26:13,143] INFO Adding function timestamptostring for method public java.lang.String io.confluent.ksql.function.udf.datetime.TimestampToString.timestampToString(long,java.lang.String) (io.confluent.ksql.function.UdfLoader:244)
[2019-02-19 17:26:13,143] INFO Adding UDF name='timestamptostring' from path=internal (io.confluent.ksql.function.UdfLoader:210)
[2019-02-19 17:26:13,150] INFO Adding function timestamptostring for method public java.lang.String io.confluent.ksql.function.udf.datetime.TimestampToString.timestampToString(long,java.lang.String,java.lang.String) (io.confluent.ksql.function.UdfLoader:244)
[2019-02-19 17:26:13,152] INFO Adding UDF name='mask_keep_left' from path=internal (io.confluent.ksql.function.UdfLoader:210)
[2019-02-19 17:26:13,160] INFO Adding function mask_keep_left for method public java.lang.String io.confluent.ksql.function.udf.string.MaskKeepLeftKudf.mask(java.lang.String,int,java.lang.String,java.lang.String,java.lang.String,java.lang.String) (io.confluent.ksql.function.UdfLoader:244)
[2019-02-19 17:26:13,161] INFO Adding UDF name='mask_keep_left' from path=internal (io.confluent.ksql.function.UdfLoader:210)
[2019-02-19 17:26:13,166] INFO Adding function mask_keep_left for method public java.lang.String io.confluent.ksql.function.udf.string.MaskKeepLeftKudf.mask(java.lang.String,int) (io.confluent.ksql.function.UdfLoader:244)
[2019-02-19 17:26:13,167] INFO Adding UDF name='mask_keep_right' from path=internal (io.confluent.ksql.function.UdfLoader:210)
[2019-02-19 17:26:13,174] INFO Adding function mask_keep_right for method public java.lang.String io.confluent.ksql.function.udf.string.MaskKeepRightKudf.mask(java.lang.String,int,java.lang.String,java.lang.String,java.lang.String,java.lang.String) (io.confluent.ksql.function.UdfLoader:244)
[2019-02-19 17:26:13,174] INFO Adding UDF name='mask_keep_right' from path=internal (io.confluent.ksql.function.UdfLoader:210)
[2019-02-19 17:26:13,180] INFO Adding function mask_keep_right for method public java.lang.String io.confluent.ksql.function.udf.string.MaskKeepRightKudf.mask(java.lang.String,int) (io.confluent.ksql.function.UdfLoader:244)
[2019-02-19 17:26:13,181] INFO Adding UDF name='mask' from path=internal (io.confluent.ksql.function.UdfLoader:210)
[2019-02-19 17:26:13,189] INFO Adding function mask for method public java.lang.String io.confluent.ksql.function.udf.string.MaskKudf.mask(java.lang.String,java.lang.String,java.lang.String,java.lang.String,java.lang.String) (io.confluent.ksql.function.UdfLoader:244)
[2019-02-19 17:26:13,189] INFO Adding UDF name='mask' from path=internal (io.confluent.ksql.function.UdfLoader:210)
[2019-02-19 17:26:13,194] INFO Adding function mask for method public java.lang.String io.confluent.ksql.function.udf.string.MaskKudf.mask(java.lang.String) (io.confluent.ksql.function.UdfLoader:244)
[2019-02-19 17:26:13,195] INFO Adding UDF name='mask_left' from path=internal (io.confluent.ksql.function.UdfLoader:210)
[2019-02-19 17:26:13,203] INFO Adding function mask_left for method public java.lang.String io.confluent.ksql.function.udf.string.MaskLeftKudf.mask(java.lang.String,int,java.lang.String,java.lang.String,java.lang.String,java.lang.String) (io.confluent.ksql.function.UdfLoader:244)
[2019-02-19 17:26:13,204] INFO Adding UDF name='mask_left' from path=internal (io.confluent.ksql.function.UdfLoader:210)
[2019-02-19 17:26:13,209] INFO Adding function mask_left for method public java.lang.String io.confluent.ksql.function.udf.string.MaskLeftKudf.mask(java.lang.String,int) (io.confluent.ksql.function.UdfLoader:244)
[2019-02-19 17:26:13,209] INFO Adding UDF name='mask_right' from path=internal (io.confluent.ksql.function.UdfLoader:210)
[2019-02-19 17:26:13,216] INFO Adding function mask_right for method public java.lang.String io.confluent.ksql.function.udf.string.MaskRightKudf.mask(java.lang.String,int,java.lang.String,java.lang.String,java.lang.String,java.lang.String) (io.confluent.ksql.function.UdfLoader:244)
[2019-02-19 17:26:13,217] INFO Adding UDF name='mask_right' from path=internal (io.confluent.ksql.function.UdfLoader:210)
[2019-02-19 17:26:13,223] INFO Adding function mask_right for method public java.lang.String io.confluent.ksql.function.udf.string.MaskRightKudf.mask(java.lang.String,int) (io.confluent.ksql.function.UdfLoader:244)
[2019-02-19 17:26:13,224] INFO Adding UDF name='split' from path=internal (io.confluent.ksql.function.UdfLoader:210)
[2019-02-19 17:26:13,229] INFO Adding function split for method public java.util.List io.confluent.ksql.function.udf.string.SplitKudf.split(java.lang.String,java.lang.String) (io.confluent.ksql.function.UdfLoader:244)
[2019-02-19 17:26:13,230] INFO Adding UDF name='substring' from path=internal (io.confluent.ksql.function.UdfLoader:210)
[2019-02-19 17:26:13,236] INFO Adding function substring for method public java.lang.String io.confluent.ksql.function.udf.string.Substring.substring(java.lang.String,java.lang.Integer,java.lang.Integer) (io.confluent.ksql.function.UdfLoader:244)
[2019-02-19 17:26:13,237] INFO Adding UDF name='substring' from path=internal (io.confluent.ksql.function.UdfLoader:210)
[2019-02-19 17:26:13,242] INFO Adding function substring for method public java.lang.String io.confluent.ksql.function.udf.string.Substring.substring(java.lang.String,java.lang.Integer) (io.confluent.ksql.function.UdfLoader:244)
[2019-02-19 17:26:13,243] INFO Adding UDF name='url_decode_param' from path=internal (io.confluent.ksql.function.UdfLoader:210)
[2019-02-19 17:26:13,248] INFO Adding function url_decode_param for method public java.lang.String io.confluent.ksql.function.udf.url.UrlDecodeParamKudf.decodeParam(java.lang.String) (io.confluent.ksql.function.UdfLoader:244)
[2019-02-19 17:26:13,248] INFO Adding UDF name='url_encode_param' from path=internal (io.confluent.ksql.function.UdfLoader:210)
[2019-02-19 17:26:13,253] INFO Adding function url_encode_param for method public java.lang.String io.confluent.ksql.function.udf.url.UrlEncodeParamKudf.encodeParam(java.lang.String) (io.confluent.ksql.function.UdfLoader:244)
[2019-02-19 17:26:13,254] INFO Adding UDF name='url_extract_fragment' from path=internal (io.confluent.ksql.function.UdfLoader:210)
[2019-02-19 17:26:13,258] INFO Adding function url_extract_fragment for method public java.lang.String io.confluent.ksql.function.udf.url.UrlExtractFragmentKudf.extractFragment(java.lang.String) (io.confluent.ksql.function.UdfLoader:244)
[2019-02-19 17:26:13,259] INFO Adding UDF name='url_extract_host' from path=internal (io.confluent.ksql.function.UdfLoader:210)
[2019-02-19 17:26:13,263] INFO Adding function url_extract_host for method public java.lang.String io.confluent.ksql.function.udf.url.UrlExtractHostKudf.extractHost(java.lang.String) (io.confluent.ksql.function.UdfLoader:244)
[2019-02-19 17:26:13,264] INFO Adding UDF name='url_extract_parameter' from path=internal (io.confluent.ksql.function.UdfLoader:210)
[2019-02-19 17:26:13,286] INFO Adding function url_extract_parameter for method public java.lang.String io.confluent.ksql.function.udf.url.UrlExtractParameterKudf.extractParam(java.lang.String,java.lang.String) (io.confluent.ksql.function.UdfLoader:244)
[2019-02-19 17:26:13,287] INFO Adding UDF name='url_extract_path' from path=internal (io.confluent.ksql.function.UdfLoader:210)
[2019-02-19 17:26:13,292] INFO Adding function url_extract_path for method public java.lang.String io.confluent.ksql.function.udf.url.UrlExtractPathKudf.extractPath(java.lang.String) (io.confluent.ksql.function.UdfLoader:244)
[2019-02-19 17:26:13,293] INFO Adding UDF name='url_extract_port' from path=internal (io.confluent.ksql.function.UdfLoader:210)
[2019-02-19 17:26:13,298] INFO Adding function url_extract_port for method public java.lang.Integer io.confluent.ksql.function.udf.url.UrlExtractPortKudf.extractPort(java.lang.String) (io.confluent.ksql.function.UdfLoader:244)
[2019-02-19 17:26:13,299] INFO Adding UDF name='url_extract_protocol' from path=internal (io.confluent.ksql.function.UdfLoader:210)
[2019-02-19 17:26:13,305] INFO Adding function url_extract_protocol for method public java.lang.String io.confluent.ksql.function.udf.url.UrlExtractProtocolKudf.extractProtocol(java.lang.String) (io.confluent.ksql.function.UdfLoader:244)
[2019-02-19 17:26:13,305] INFO Adding UDF name='url_extract_query' from path=internal (io.confluent.ksql.function.UdfLoader:210)
[2019-02-19 17:26:13,311] INFO Adding function url_extract_query for method public java.lang.String io.confluent.ksql.function.udf.url.UrlExtractQueryKudf.extractQuery(java.lang.String) (io.confluent.ksql.function.UdfLoader:244)
[2019-02-19 17:26:13,316] INFO Adding UDAF name=collect_list from path=internal class=class io.confluent.ksql.function.udaf.array.CollectListUdaf (io.confluent.ksql.function.UdfLoader:166)
[2019-02-19 17:26:13,352] INFO Adding UDAF name=collect_list from path=internal class=class io.confluent.ksql.function.udaf.array.CollectListUdaf (io.confluent.ksql.function.UdfLoader:166)
[2019-02-19 17:26:13,362] INFO Adding UDAF name=collect_list from path=internal class=class io.confluent.ksql.function.udaf.array.CollectListUdaf (io.confluent.ksql.function.UdfLoader:166)
[2019-02-19 17:26:13,373] INFO Adding UDAF name=collect_list from path=internal class=class io.confluent.ksql.function.udaf.array.CollectListUdaf (io.confluent.ksql.function.UdfLoader:166)
[2019-02-19 17:26:13,384] INFO Adding UDAF name=collect_list from path=internal class=class io.confluent.ksql.function.udaf.array.CollectListUdaf (io.confluent.ksql.function.UdfLoader:166)
[2019-02-19 17:26:13,398] INFO Adding UDAF name=collect_set from path=internal class=class io.confluent.ksql.function.udaf.array.CollectSetUdaf (io.confluent.ksql.function.UdfLoader:166)
[2019-02-19 17:26:13,407] INFO Adding UDAF name=collect_set from path=internal class=class io.confluent.ksql.function.udaf.array.CollectSetUdaf (io.confluent.ksql.function.UdfLoader:166)
[2019-02-19 17:26:13,417] INFO Adding UDAF name=collect_set from path=internal class=class io.confluent.ksql.function.udaf.array.CollectSetUdaf (io.confluent.ksql.function.UdfLoader:166)
[2019-02-19 17:26:13,426] INFO Adding UDAF name=collect_set from path=internal class=class io.confluent.ksql.function.udaf.array.CollectSetUdaf (io.confluent.ksql.function.UdfLoader:166)
[2019-02-19 17:26:13,436] INFO Adding UDAF name=collect_set from path=internal class=class io.confluent.ksql.function.udaf.array.CollectSetUdaf (io.confluent.ksql.function.UdfLoader:166)
[2019-02-19 17:26:13,446] INFO Adding UDAF name=histogram from path=internal class=class io.confluent.ksql.function.udaf.map.HistogramUdaf (io.confluent.ksql.function.UdfLoader:166)
[2019-02-19 17:26:13,457] INFO Adding UDAF name=WindowEnd from path=internal class=class io.confluent.ksql.function.udaf.window.WindowEndKudaf (io.confluent.ksql.function.UdfLoader:166)
[2019-02-19 17:26:13,469] INFO Adding UDAF name=WindowStart from path=internal class=class io.confluent.ksql.function.udaf.window.WindowStartKudaf (io.confluent.ksql.function.UdfLoader:166)
[2019-02-19 17:26:13,552] INFO Corrected retention.ms on command topic. topic:_confluent-ksql-default__command_topic, retention.ms:9223372036854775807 (io.confluent.ksql.rest.server.KsqlRestApplication:469)
[2019-02-19 17:26:13,650] INFO KafkaJsonDeserializerConfig values: 
	json.fail.unknown.properties = true
	json.key.type = class io.confluent.ksql.rest.server.computation.CommandId
	json.value.type = class java.lang.Object
 (io.confluent.kafka.serializers.KafkaJsonDeserializerConfig:179)
[2019-02-19 17:26:13,651] INFO KafkaJsonDeserializerConfig values: 
	json.fail.unknown.properties = true
	json.key.type = class java.lang.Object
	json.value.type = class io.confluent.ksql.rest.server.computation.Command
 (io.confluent.kafka.serializers.KafkaJsonDeserializerConfig:179)
[2019-02-19 17:26:13,692] INFO KafkaJsonSerializerConfig values: 
	json.indent.output = false
 (io.confluent.kafka.serializers.KafkaJsonSerializerConfig:179)
[2019-02-19 17:26:13,692] INFO KafkaJsonSerializerConfig values: 
	json.indent.output = false
 (io.confluent.kafka.serializers.KafkaJsonSerializerConfig:179)
[2019-02-19 17:26:18,815] INFO Logging initialized @8267ms to org.eclipse.jetty.util.log.Slf4jLog (org.eclipse.jetty.util.log:193)
[2019-02-19 17:26:18,822] INFO Starting server (io.confluent.ksql.rest.server.KsqlServerMain:56)
[2019-02-19 17:26:18,942] INFO Adding listener: http://localhost:8088 (io.confluent.rest.Application:226)
[2019-02-19 17:26:19,180] INFO jetty-9.4.14.v20181114; built: 2018-11-14T21:20:31.478Z; git: c4550056e785fb5665914545889f21dc136ad9e6; jvm 11.0.2+9-LTS (org.eclipse.jetty.server.Server:370)
[2019-02-19 17:26:19,211] INFO DefaultSessionIdManager workerName=node0 (org.eclipse.jetty.server.session:365)
[2019-02-19 17:26:19,211] INFO No SessionScavenger set, using defaults (org.eclipse.jetty.server.session:370)
[2019-02-19 17:26:19,213] INFO node0 Scavenging every 660000ms (org.eclipse.jetty.server.session:149)
[2019-02-19 17:26:19,765] INFO HV000001: Hibernate Validator 5.1.3.Final (org.hibernate.validator.internal.util.Version:27)
[2019-02-19 17:26:19,872] INFO Started o.e.j.s.ServletContextHandler@2db1b657{/,null,AVAILABLE} (org.eclipse.jetty.server.handler.ContextHandler:855)
[2019-02-19 17:26:19,900] INFO Started o.e.j.s.ServletContextHandler@2f9a4401{/ws,null,AVAILABLE} (org.eclipse.jetty.server.handler.ContextHandler:855)
[2019-02-19 17:26:19,914] INFO Started NetworkTrafficServerConnector@5d97caa4{HTTP/1.1,[http/1.1]}{localhost:8088} (org.eclipse.jetty.server.AbstractConnector:292)
[2019-02-19 17:26:19,915] INFO Started @9367ms (org.eclipse.jetty.server.Server:407)
[2019-02-19 17:26:19,915] WARN Writing to metrics Kafka topic will be disabled (io.confluent.support.metrics.PhoneHomeConfig:61)
[2019-02-19 17:26:19,915] INFO No customer ID configured -- falling back to id 'anonymous' (io.confluent.support.metrics.BaseSupportConfig:342)
[2019-02-19 17:26:19,916] WARN Enforcing customer ID 'anonymous' (io.confluent.support.metrics.PhoneHomeConfig:66)
[2019-02-19 17:26:19,929] WARN Please note that the version check feature of KSQL is enabled.  With this enabled, this instance is configured to collect and report anonymously the version information to Confluent, Inc. ("Confluent") or its parent, subsidiaries, affiliates or service providers every 24hours.  This Metadata may be transferred to any country in which Confluent maintains facilities.  For a more in depth discussion of how Confluent processes such information, please read our Privacy Policy located at http://www.confluent.io/privacy. By proceeding with `confluent.support.metrics.enable=true`, you agree to all such collection, transfer and use of Version information by Confluent. You can turn the version check  feature off by setting `confluent.support.metrics.enable=false` in the KSQL configuration and restarting the KSQL.  See the Confluent Platform documentation for further information. (io.confluent.ksql.version.metrics.KsqlVersionCheckerAgent:89)
[2019-02-19 17:26:19,929] INFO Waiting until monitored service is ready for metrics collection (io.confluent.support.metrics.BaseMetricsReporter:197)
[2019-02-19 17:26:19,930] INFO Monitored service is now ready (io.confluent.support.metrics.BaseMetricsReporter:208)
[2019-02-19 17:26:19,930] INFO Attempting to collect and submit metrics (io.confluent.support.metrics.BaseMetricsReporter:168)
[2019-02-19 17:26:19,934] INFO Server up and running (io.confluent.ksql.rest.server.KsqlServerMain:58)
[2019-02-19 17:26:21,109] INFO Successfully submitted metrics to Confluent via secure endpoint (io.confluent.support.metrics.submitters.ConfluentSubmitter:149)
[2019-02-19 17:26:22,778] INFO 127.0.0.1 - - [19/Feb/2019:22:26:22 +0000] "GET /info HTTP/1.1" 200 116  204 (io.confluent.rest-utils.requests:60)
[2019-02-19 17:26:22,875] INFO 127.0.0.1 - - [19/Feb/2019:22:26:22 +0000] "GET /info HTTP/1.1" 200 116  3 (io.confluent.rest-utils.requests:60)
[2019-02-19 17:26:37,491] INFO 127.0.0.1 - - [19/Feb/2019:22:26:37 +0000] "POST /ksql HTTP/1.1" 400 216  128 (io.confluent.rest-utils.requests:60)
[2019-02-19 17:37:39,022] INFO Stopped NetworkTrafficServerConnector@5d97caa4{HTTP/1.1,[http/1.1]}{localhost:8088} (org.eclipse.jetty.server.AbstractConnector:341)
[2019-02-19 17:37:39,029] INFO node0 Stopped scavenging (org.eclipse.jetty.server.session:167)
[2019-02-19 17:37:39,037] INFO Stopped o.e.j.s.ServletContextHandler@2f9a4401{/ws,null,UNAVAILABLE} (org.eclipse.jetty.server.handler.ContextHandler:1045)
[2019-02-19 17:37:39,069] INFO Stopped o.e.j.s.ServletContextHandler@2db1b657{/,null,UNAVAILABLE} (org.eclipse.jetty.server.handler.ContextHandler:1045)
[2019-02-19 17:37:39,076] INFO Server shutting down (io.confluent.ksql.rest.server.KsqlServerMain:61)
[2019-02-19 17:39:26,307] INFO KsqlRestConfig values: 
	metric.reporters = []
	ssl.client.auth = false
	ksql.server.install.dir = /Users/mseymour/development/ksql
	rest.servlet.initializor.classes = []
	ksql.server.websockets.num.threads = 5
	response.mediatype.default = application/json
	websocket.path.prefix = /ws
	resource.extension.classes = []
	authentication.realm = 
	ssl.keystore.type = JKS
	ssl.trustmanager.algorithm = 
	authentication.method = NONE
	metrics.jmx.prefix = rest-utils
	request.logger.name = io.confluent.rest-utils.requests
	ssl.key.password = [hidden]
	ssl.truststore.password = [hidden]
	authentication.roles = [*]
	metrics.num.samples = 2
	ssl.endpoint.identification.algorithm = 
	compression.enable = true
	query.stream.disconnect.check = 1000
	ssl.protocol = TLS
	debug = false
	listeners = [http://localhost:8088]
	ssl.provider = 
	ssl.enabled.protocols = []
	shutdown.graceful.ms = 1000
	ssl.keystore.location = 
	response.mediatype.preferred = [application/json]
	ssl.cipher.suites = []
	authentication.skip.paths = []
	ssl.truststore.type = JKS
	websocket.servlet.initializor.classes = []
	access.control.allow.methods = 
	access.control.allow.origin = 
	ssl.truststore.location = 
	ksql.server.command.response.timeout.ms = 5000
	ssl.keystore.password = [hidden]
	ssl.keymanager.algorithm = 
	port = 8080
	access.control.allow.headers = 
	metrics.sample.window.ms = 30000
	metrics.tag.map = {}
 (io.confluent.ksql.rest.server.KsqlRestConfig:179)
[2019-02-19 17:39:26,382] INFO KsqlConfig values: 
	ksql.extension.dir = ext
	ksql.functions.substring.legacy.args = false
	ksql.named.internal.topics = on
	ksql.output.topic.name.prefix = 
	ksql.persistent.prefix = query_
	ksql.query.persistent.active.limit = 2147483647
	ksql.schema.registry.url = http://localhost:8081
	ksql.service.id = default_
	ksql.sink.partitions = 4
	ksql.sink.replicas = 1
	ksql.sink.window.change.log.additional.retention = 1000000
	ksql.statestore.suffix = _ksql_statestore
	ksql.transient.prefix = transient_
	ksql.udf.collect.metrics = false
	ksql.udf.enable.security.manager = true
	ksql.udfs.enabled = true
	ksql.windowed.session.key.legacy = false
	ssl.cipher.suites = null
	ssl.enabled.protocols = [TLSv1.2, TLSv1.1, TLSv1]
	ssl.endpoint.identification.algorithm = https
	ssl.key.password = null
	ssl.keymanager.algorithm = SunX509
	ssl.keystore.location = null
	ssl.keystore.password = null
	ssl.keystore.type = JKS
	ssl.protocol = TLS
	ssl.provider = null
	ssl.secure.random.implementation = null
	ssl.trustmanager.algorithm = PKIX
	ssl.truststore.location = null
	ssl.truststore.password = null
	ssl.truststore.type = JKS
 (io.confluent.ksql.util.KsqlConfig:279)
[2019-02-19 17:39:26,996] INFO ProcessingLogConfig values: 
	ksql.processing.log.include.rows = false
	ksql.processing.log.stream.auto.create = false
	ksql.processing.log.stream.name = KSQL_PROCESSING_LOG
	ksql.processing.log.topic.auto.create = false
	ksql.processing.log.topic.name = 
	ksql.processing.log.topic.partitions = 1
	ksql.processing.log.topic.replication.factor = 1
 (io.confluent.ksql.processing.log.ProcessingLogConfig:279)
[2019-02-19 17:39:27,167] INFO Setting UDF blacklisted classes to:  (io.confluent.ksql.function.Blacklist:69)
[2019-02-19 17:39:27,386] INFO Adding UDF name='datetostring' from path=internal (io.confluent.ksql.function.UdfLoader:210)
[2019-02-19 17:39:27,727] INFO Adding function datetostring for method public java.lang.String io.confluent.ksql.function.udf.datetime.DateToString.dateToString(int,java.lang.String) (io.confluent.ksql.function.UdfLoader:244)
[2019-02-19 17:39:27,748] INFO Adding UDF name='stringtodate' from path=internal (io.confluent.ksql.function.UdfLoader:210)
[2019-02-19 17:39:27,757] INFO Adding function stringtodate for method public int io.confluent.ksql.function.udf.datetime.StringToDate.stringToDate(java.lang.String,java.lang.String) (io.confluent.ksql.function.UdfLoader:244)
[2019-02-19 17:39:27,758] INFO Adding UDF name='stringtotimestamp' from path=internal (io.confluent.ksql.function.UdfLoader:210)
[2019-02-19 17:39:27,766] INFO Adding function stringtotimestamp for method public long io.confluent.ksql.function.udf.datetime.StringToTimestamp.stringToTimestamp(java.lang.String,java.lang.String) (io.confluent.ksql.function.UdfLoader:244)
[2019-02-19 17:39:27,767] INFO Adding UDF name='stringtotimestamp' from path=internal (io.confluent.ksql.function.UdfLoader:210)
[2019-02-19 17:39:27,774] INFO Adding function stringtotimestamp for method public long io.confluent.ksql.function.udf.datetime.StringToTimestamp.stringToTimestamp(java.lang.String,java.lang.String,java.lang.String) (io.confluent.ksql.function.UdfLoader:244)
[2019-02-19 17:39:27,776] INFO Adding UDF name='timestamptostring' from path=internal (io.confluent.ksql.function.UdfLoader:210)
[2019-02-19 17:39:27,782] INFO Adding function timestamptostring for method public java.lang.String io.confluent.ksql.function.udf.datetime.TimestampToString.timestampToString(long,java.lang.String) (io.confluent.ksql.function.UdfLoader:244)
[2019-02-19 17:39:27,783] INFO Adding UDF name='timestamptostring' from path=internal (io.confluent.ksql.function.UdfLoader:210)
[2019-02-19 17:39:27,790] INFO Adding function timestamptostring for method public java.lang.String io.confluent.ksql.function.udf.datetime.TimestampToString.timestampToString(long,java.lang.String,java.lang.String) (io.confluent.ksql.function.UdfLoader:244)
[2019-02-19 17:39:27,792] INFO Adding UDF name='mask_keep_left' from path=internal (io.confluent.ksql.function.UdfLoader:210)
[2019-02-19 17:39:27,799] INFO Adding function mask_keep_left for method public java.lang.String io.confluent.ksql.function.udf.string.MaskKeepLeftKudf.mask(java.lang.String,int,java.lang.String,java.lang.String,java.lang.String,java.lang.String) (io.confluent.ksql.function.UdfLoader:244)
[2019-02-19 17:39:27,800] INFO Adding UDF name='mask_keep_left' from path=internal (io.confluent.ksql.function.UdfLoader:210)
[2019-02-19 17:39:27,805] INFO Adding function mask_keep_left for method public java.lang.String io.confluent.ksql.function.udf.string.MaskKeepLeftKudf.mask(java.lang.String,int) (io.confluent.ksql.function.UdfLoader:244)
[2019-02-19 17:39:27,806] INFO Adding UDF name='mask_keep_right' from path=internal (io.confluent.ksql.function.UdfLoader:210)
[2019-02-19 17:39:27,813] INFO Adding function mask_keep_right for method public java.lang.String io.confluent.ksql.function.udf.string.MaskKeepRightKudf.mask(java.lang.String,int,java.lang.String,java.lang.String,java.lang.String,java.lang.String) (io.confluent.ksql.function.UdfLoader:244)
[2019-02-19 17:39:27,814] INFO Adding UDF name='mask_keep_right' from path=internal (io.confluent.ksql.function.UdfLoader:210)
[2019-02-19 17:39:27,819] INFO Adding function mask_keep_right for method public java.lang.String io.confluent.ksql.function.udf.string.MaskKeepRightKudf.mask(java.lang.String,int) (io.confluent.ksql.function.UdfLoader:244)
[2019-02-19 17:39:27,820] INFO Adding UDF name='mask' from path=internal (io.confluent.ksql.function.UdfLoader:210)
[2019-02-19 17:39:27,826] INFO Adding function mask for method public java.lang.String io.confluent.ksql.function.udf.string.MaskKudf.mask(java.lang.String,java.lang.String,java.lang.String,java.lang.String,java.lang.String) (io.confluent.ksql.function.UdfLoader:244)
[2019-02-19 17:39:27,827] INFO Adding UDF name='mask' from path=internal (io.confluent.ksql.function.UdfLoader:210)
[2019-02-19 17:39:27,831] INFO Adding function mask for method public java.lang.String io.confluent.ksql.function.udf.string.MaskKudf.mask(java.lang.String) (io.confluent.ksql.function.UdfLoader:244)
[2019-02-19 17:39:27,832] INFO Adding UDF name='mask_left' from path=internal (io.confluent.ksql.function.UdfLoader:210)
[2019-02-19 17:39:27,839] INFO Adding function mask_left for method public java.lang.String io.confluent.ksql.function.udf.string.MaskLeftKudf.mask(java.lang.String,int,java.lang.String,java.lang.String,java.lang.String,java.lang.String) (io.confluent.ksql.function.UdfLoader:244)
[2019-02-19 17:39:27,840] INFO Adding UDF name='mask_left' from path=internal (io.confluent.ksql.function.UdfLoader:210)
[2019-02-19 17:39:27,845] INFO Adding function mask_left for method public java.lang.String io.confluent.ksql.function.udf.string.MaskLeftKudf.mask(java.lang.String,int) (io.confluent.ksql.function.UdfLoader:244)
[2019-02-19 17:39:27,846] INFO Adding UDF name='mask_right' from path=internal (io.confluent.ksql.function.UdfLoader:210)
[2019-02-19 17:39:27,853] INFO Adding function mask_right for method public java.lang.String io.confluent.ksql.function.udf.string.MaskRightKudf.mask(java.lang.String,int,java.lang.String,java.lang.String,java.lang.String,java.lang.String) (io.confluent.ksql.function.UdfLoader:244)
[2019-02-19 17:39:27,854] INFO Adding UDF name='mask_right' from path=internal (io.confluent.ksql.function.UdfLoader:210)
[2019-02-19 17:39:27,860] INFO Adding function mask_right for method public java.lang.String io.confluent.ksql.function.udf.string.MaskRightKudf.mask(java.lang.String,int) (io.confluent.ksql.function.UdfLoader:244)
[2019-02-19 17:39:27,861] INFO Adding UDF name='split' from path=internal (io.confluent.ksql.function.UdfLoader:210)
[2019-02-19 17:39:27,866] INFO Adding function split for method public java.util.List io.confluent.ksql.function.udf.string.SplitKudf.split(java.lang.String,java.lang.String) (io.confluent.ksql.function.UdfLoader:244)
[2019-02-19 17:39:27,867] INFO Adding UDF name='substring' from path=internal (io.confluent.ksql.function.UdfLoader:210)
[2019-02-19 17:39:27,874] INFO Adding function substring for method public java.lang.String io.confluent.ksql.function.udf.string.Substring.substring(java.lang.String,java.lang.Integer,java.lang.Integer) (io.confluent.ksql.function.UdfLoader:244)
[2019-02-19 17:39:27,874] INFO Adding UDF name='substring' from path=internal (io.confluent.ksql.function.UdfLoader:210)
[2019-02-19 17:39:27,880] INFO Adding function substring for method public java.lang.String io.confluent.ksql.function.udf.string.Substring.substring(java.lang.String,java.lang.Integer) (io.confluent.ksql.function.UdfLoader:244)
[2019-02-19 17:39:27,881] INFO Adding UDF name='url_decode_param' from path=internal (io.confluent.ksql.function.UdfLoader:210)
[2019-02-19 17:39:27,885] INFO Adding function url_decode_param for method public java.lang.String io.confluent.ksql.function.udf.url.UrlDecodeParamKudf.decodeParam(java.lang.String) (io.confluent.ksql.function.UdfLoader:244)
[2019-02-19 17:39:27,886] INFO Adding UDF name='url_encode_param' from path=internal (io.confluent.ksql.function.UdfLoader:210)
[2019-02-19 17:39:27,891] INFO Adding function url_encode_param for method public java.lang.String io.confluent.ksql.function.udf.url.UrlEncodeParamKudf.encodeParam(java.lang.String) (io.confluent.ksql.function.UdfLoader:244)
[2019-02-19 17:39:27,892] INFO Adding UDF name='url_extract_fragment' from path=internal (io.confluent.ksql.function.UdfLoader:210)
[2019-02-19 17:39:27,896] INFO Adding function url_extract_fragment for method public java.lang.String io.confluent.ksql.function.udf.url.UrlExtractFragmentKudf.extractFragment(java.lang.String) (io.confluent.ksql.function.UdfLoader:244)
[2019-02-19 17:39:27,897] INFO Adding UDF name='url_extract_host' from path=internal (io.confluent.ksql.function.UdfLoader:210)
[2019-02-19 17:39:27,906] INFO Adding function url_extract_host for method public java.lang.String io.confluent.ksql.function.udf.url.UrlExtractHostKudf.extractHost(java.lang.String) (io.confluent.ksql.function.UdfLoader:244)
[2019-02-19 17:39:27,907] INFO Adding UDF name='url_extract_parameter' from path=internal (io.confluent.ksql.function.UdfLoader:210)
[2019-02-19 17:39:27,936] INFO Adding function url_extract_parameter for method public java.lang.String io.confluent.ksql.function.udf.url.UrlExtractParameterKudf.extractParam(java.lang.String,java.lang.String) (io.confluent.ksql.function.UdfLoader:244)
[2019-02-19 17:39:27,937] INFO Adding UDF name='url_extract_path' from path=internal (io.confluent.ksql.function.UdfLoader:210)
[2019-02-19 17:39:27,943] INFO Adding function url_extract_path for method public java.lang.String io.confluent.ksql.function.udf.url.UrlExtractPathKudf.extractPath(java.lang.String) (io.confluent.ksql.function.UdfLoader:244)
[2019-02-19 17:39:27,944] INFO Adding UDF name='url_extract_port' from path=internal (io.confluent.ksql.function.UdfLoader:210)
[2019-02-19 17:39:27,951] INFO Adding function url_extract_port for method public java.lang.Integer io.confluent.ksql.function.udf.url.UrlExtractPortKudf.extractPort(java.lang.String) (io.confluent.ksql.function.UdfLoader:244)
[2019-02-19 17:39:27,952] INFO Adding UDF name='url_extract_protocol' from path=internal (io.confluent.ksql.function.UdfLoader:210)
[2019-02-19 17:39:27,958] INFO Adding function url_extract_protocol for method public java.lang.String io.confluent.ksql.function.udf.url.UrlExtractProtocolKudf.extractProtocol(java.lang.String) (io.confluent.ksql.function.UdfLoader:244)
[2019-02-19 17:39:27,959] INFO Adding UDF name='url_extract_query' from path=internal (io.confluent.ksql.function.UdfLoader:210)
[2019-02-19 17:39:27,964] INFO Adding function url_extract_query for method public java.lang.String io.confluent.ksql.function.udf.url.UrlExtractQueryKudf.extractQuery(java.lang.String) (io.confluent.ksql.function.UdfLoader:244)
[2019-02-19 17:39:27,970] INFO Adding UDAF name=collect_list from path=internal class=class io.confluent.ksql.function.udaf.array.CollectListUdaf (io.confluent.ksql.function.UdfLoader:166)
[2019-02-19 17:39:28,007] INFO Adding UDAF name=collect_list from path=internal class=class io.confluent.ksql.function.udaf.array.CollectListUdaf (io.confluent.ksql.function.UdfLoader:166)
[2019-02-19 17:39:28,019] INFO Adding UDAF name=collect_list from path=internal class=class io.confluent.ksql.function.udaf.array.CollectListUdaf (io.confluent.ksql.function.UdfLoader:166)
[2019-02-19 17:39:28,031] INFO Adding UDAF name=collect_list from path=internal class=class io.confluent.ksql.function.udaf.array.CollectListUdaf (io.confluent.ksql.function.UdfLoader:166)
[2019-02-19 17:39:28,043] INFO Adding UDAF name=collect_list from path=internal class=class io.confluent.ksql.function.udaf.array.CollectListUdaf (io.confluent.ksql.function.UdfLoader:166)
[2019-02-19 17:39:28,055] INFO Adding UDAF name=collect_set from path=internal class=class io.confluent.ksql.function.udaf.array.CollectSetUdaf (io.confluent.ksql.function.UdfLoader:166)
[2019-02-19 17:39:28,068] INFO Adding UDAF name=collect_set from path=internal class=class io.confluent.ksql.function.udaf.array.CollectSetUdaf (io.confluent.ksql.function.UdfLoader:166)
[2019-02-19 17:39:28,077] INFO Adding UDAF name=collect_set from path=internal class=class io.confluent.ksql.function.udaf.array.CollectSetUdaf (io.confluent.ksql.function.UdfLoader:166)
[2019-02-19 17:39:28,086] INFO Adding UDAF name=collect_set from path=internal class=class io.confluent.ksql.function.udaf.array.CollectSetUdaf (io.confluent.ksql.function.UdfLoader:166)
[2019-02-19 17:39:28,097] INFO Adding UDAF name=collect_set from path=internal class=class io.confluent.ksql.function.udaf.array.CollectSetUdaf (io.confluent.ksql.function.UdfLoader:166)
[2019-02-19 17:39:28,108] INFO Adding UDAF name=histogram from path=internal class=class io.confluent.ksql.function.udaf.map.HistogramUdaf (io.confluent.ksql.function.UdfLoader:166)
[2019-02-19 17:39:28,120] INFO Adding UDAF name=WindowEnd from path=internal class=class io.confluent.ksql.function.udaf.window.WindowEndKudaf (io.confluent.ksql.function.UdfLoader:166)
[2019-02-19 17:39:28,134] INFO Adding UDAF name=WindowStart from path=internal class=class io.confluent.ksql.function.udaf.window.WindowStartKudaf (io.confluent.ksql.function.UdfLoader:166)
[2019-02-19 17:39:28,231] INFO Corrected retention.ms on command topic. topic:_confluent-ksql-default__command_topic, retention.ms:9223372036854775807 (io.confluent.ksql.rest.server.KsqlRestApplication:469)
[2019-02-19 17:39:28,315] INFO KafkaJsonDeserializerConfig values: 
	json.fail.unknown.properties = true
	json.key.type = class io.confluent.ksql.rest.server.computation.CommandId
	json.value.type = class java.lang.Object
 (io.confluent.kafka.serializers.KafkaJsonDeserializerConfig:179)
[2019-02-19 17:39:28,317] INFO KafkaJsonDeserializerConfig values: 
	json.fail.unknown.properties = true
	json.key.type = class java.lang.Object
	json.value.type = class io.confluent.ksql.rest.server.computation.Command
 (io.confluent.kafka.serializers.KafkaJsonDeserializerConfig:179)
[2019-02-19 17:39:28,350] INFO KafkaJsonSerializerConfig values: 
	json.indent.output = false
 (io.confluent.kafka.serializers.KafkaJsonSerializerConfig:179)
[2019-02-19 17:39:28,351] INFO KafkaJsonSerializerConfig values: 
	json.indent.output = false
 (io.confluent.kafka.serializers.KafkaJsonSerializerConfig:179)
[2019-02-19 17:39:33,480] INFO Logging initialized @8247ms to org.eclipse.jetty.util.log.Slf4jLog (org.eclipse.jetty.util.log:193)
[2019-02-19 17:39:33,491] INFO Starting server (io.confluent.ksql.rest.server.KsqlServerMain:56)
[2019-02-19 17:39:33,637] INFO Adding listener: http://localhost:8088 (io.confluent.rest.Application:226)
[2019-02-19 17:39:33,871] INFO jetty-9.4.14.v20181114; built: 2018-11-14T21:20:31.478Z; git: c4550056e785fb5665914545889f21dc136ad9e6; jvm 11.0.2+9-LTS (org.eclipse.jetty.server.Server:370)
[2019-02-19 17:39:33,902] INFO DefaultSessionIdManager workerName=node0 (org.eclipse.jetty.server.session:365)
[2019-02-19 17:39:33,902] INFO No SessionScavenger set, using defaults (org.eclipse.jetty.server.session:370)
[2019-02-19 17:39:33,904] INFO node0 Scavenging every 600000ms (org.eclipse.jetty.server.session:149)
[2019-02-19 17:39:34,485] INFO HV000001: Hibernate Validator 5.1.3.Final (org.hibernate.validator.internal.util.Version:27)
[2019-02-19 17:39:34,606] INFO Started o.e.j.s.ServletContextHandler@7ec95456{/,null,AVAILABLE} (org.eclipse.jetty.server.handler.ContextHandler:855)
[2019-02-19 17:39:34,639] INFO Started o.e.j.s.ServletContextHandler@2ab26378{/ws,null,AVAILABLE} (org.eclipse.jetty.server.handler.ContextHandler:855)
[2019-02-19 17:39:34,658] INFO Started NetworkTrafficServerConnector@4e682398{HTTP/1.1,[http/1.1]}{localhost:8088} (org.eclipse.jetty.server.AbstractConnector:292)
[2019-02-19 17:39:34,659] INFO Started @9426ms (org.eclipse.jetty.server.Server:407)
[2019-02-19 17:39:34,660] WARN Writing to metrics Kafka topic will be disabled (io.confluent.support.metrics.PhoneHomeConfig:61)
[2019-02-19 17:39:34,660] INFO No customer ID configured -- falling back to id 'anonymous' (io.confluent.support.metrics.BaseSupportConfig:342)
[2019-02-19 17:39:34,660] WARN Enforcing customer ID 'anonymous' (io.confluent.support.metrics.PhoneHomeConfig:66)
[2019-02-19 17:39:34,674] WARN Please note that the version check feature of KSQL is enabled.  With this enabled, this instance is configured to collect and report anonymously the version information to Confluent, Inc. ("Confluent") or its parent, subsidiaries, affiliates or service providers every 24hours.  This Metadata may be transferred to any country in which Confluent maintains facilities.  For a more in depth discussion of how Confluent processes such information, please read our Privacy Policy located at http://www.confluent.io/privacy. By proceeding with `confluent.support.metrics.enable=true`, you agree to all such collection, transfer and use of Version information by Confluent. You can turn the version check  feature off by setting `confluent.support.metrics.enable=false` in the KSQL configuration and restarting the KSQL.  See the Confluent Platform documentation for further information. (io.confluent.ksql.version.metrics.KsqlVersionCheckerAgent:89)
[2019-02-19 17:39:34,674] INFO Waiting until monitored service is ready for metrics collection (io.confluent.support.metrics.BaseMetricsReporter:197)
[2019-02-19 17:39:34,676] INFO Monitored service is now ready (io.confluent.support.metrics.BaseMetricsReporter:208)
[2019-02-19 17:39:34,676] INFO Attempting to collect and submit metrics (io.confluent.support.metrics.BaseMetricsReporter:168)
[2019-02-19 17:39:34,681] INFO Server up and running (io.confluent.ksql.rest.server.KsqlServerMain:58)
[2019-02-19 17:39:35,894] INFO Successfully submitted metrics to Confluent via secure endpoint (io.confluent.support.metrics.submitters.ConfluentSubmitter:149)
[2019-02-19 17:39:36,638] INFO 127.0.0.1 - - [19/Feb/2019:22:39:36 +0000] "GET /info HTTP/1.1" 200 116  195 (io.confluent.rest-utils.requests:60)
[2019-02-19 17:39:36,752] INFO 127.0.0.1 - - [19/Feb/2019:22:39:36 +0000] "GET /info HTTP/1.1" 200 116  2 (io.confluent.rest-utils.requests:60)
[2019-02-19 17:39:38,540] INFO 127.0.0.1 - - [19/Feb/2019:22:39:38 +0000] "POST /ksql HTTP/1.1" 200 1883  133 (io.confluent.rest-utils.requests:60)
[2019-02-19 20:35:33,863] INFO Stopped NetworkTrafficServerConnector@4e682398{HTTP/1.1,[http/1.1]}{localhost:8088} (org.eclipse.jetty.server.AbstractConnector:341)
[2019-02-19 20:35:33,869] INFO node0 Stopped scavenging (org.eclipse.jetty.server.session:167)
[2019-02-19 20:35:33,883] INFO Stopped o.e.j.s.ServletContextHandler@2ab26378{/ws,null,UNAVAILABLE} (org.eclipse.jetty.server.handler.ContextHandler:1045)
[2019-02-19 20:35:33,920] INFO Stopped o.e.j.s.ServletContextHandler@7ec95456{/,null,UNAVAILABLE} (org.eclipse.jetty.server.handler.ContextHandler:1045)
[2019-02-19 20:35:33,925] INFO Server shutting down (io.confluent.ksql.rest.server.KsqlServerMain:61)
[2019-02-19 20:37:58,215] INFO KsqlRestConfig values: 
	metric.reporters = []
	ssl.client.auth = false
	ksql.server.install.dir = /Users/mseymour/development/ksql
	rest.servlet.initializor.classes = []
	ksql.server.websockets.num.threads = 5
	response.mediatype.default = application/json
	websocket.path.prefix = /ws
	resource.extension.classes = []
	authentication.realm = 
	ssl.keystore.type = JKS
	ssl.trustmanager.algorithm = 
	authentication.method = NONE
	metrics.jmx.prefix = rest-utils
	request.logger.name = io.confluent.rest-utils.requests
	ssl.key.password = [hidden]
	ssl.truststore.password = [hidden]
	authentication.roles = [*]
	metrics.num.samples = 2
	ssl.endpoint.identification.algorithm = 
	compression.enable = true
	query.stream.disconnect.check = 1000
	ssl.protocol = TLS
	debug = false
	listeners = [http://localhost:8088]
	ssl.provider = 
	ssl.enabled.protocols = []
	shutdown.graceful.ms = 1000
	ssl.keystore.location = 
	response.mediatype.preferred = [application/json]
	ssl.cipher.suites = []
	authentication.skip.paths = []
	ssl.truststore.type = JKS
	websocket.servlet.initializor.classes = []
	access.control.allow.methods = 
	access.control.allow.origin = 
	ssl.truststore.location = 
	ksql.server.command.response.timeout.ms = 5000
	ssl.keystore.password = [hidden]
	ssl.keymanager.algorithm = 
	port = 8080
	access.control.allow.headers = 
	metrics.sample.window.ms = 30000
	metrics.tag.map = {}
 (io.confluent.ksql.rest.server.KsqlRestConfig:179)
[2019-02-19 20:37:58,304] INFO KsqlConfig values: 
	ksql.extension.dir = ext
	ksql.functions.substring.legacy.args = false
	ksql.named.internal.topics = on
	ksql.output.topic.name.prefix = 
	ksql.persistent.prefix = query_
	ksql.query.persistent.active.limit = 2147483647
	ksql.schema.registry.url = http://localhost:8081
	ksql.service.id = default_
	ksql.sink.partitions = 4
	ksql.sink.replicas = 1
	ksql.sink.window.change.log.additional.retention = 1000000
	ksql.statestore.suffix = _ksql_statestore
	ksql.transient.prefix = transient_
	ksql.udf.collect.metrics = false
	ksql.udf.enable.security.manager = true
	ksql.udfs.enabled = true
	ksql.windowed.session.key.legacy = false
	ssl.cipher.suites = null
	ssl.enabled.protocols = [TLSv1.2, TLSv1.1, TLSv1]
	ssl.endpoint.identification.algorithm = https
	ssl.key.password = null
	ssl.keymanager.algorithm = SunX509
	ssl.keystore.location = null
	ssl.keystore.password = null
	ssl.keystore.type = JKS
	ssl.protocol = TLS
	ssl.provider = null
	ssl.secure.random.implementation = null
	ssl.trustmanager.algorithm = PKIX
	ssl.truststore.location = null
	ssl.truststore.password = null
	ssl.truststore.type = JKS
 (io.confluent.ksql.util.KsqlConfig:279)
[2019-02-19 20:37:58,940] INFO ProcessingLogConfig values: 
	ksql.processing.log.include.rows = false
	ksql.processing.log.stream.auto.create = false
	ksql.processing.log.stream.name = KSQL_PROCESSING_LOG
	ksql.processing.log.topic.auto.create = false
	ksql.processing.log.topic.name = 
	ksql.processing.log.topic.partitions = 1
	ksql.processing.log.topic.replication.factor = 1
 (io.confluent.ksql.processing.log.ProcessingLogConfig:279)
[2019-02-19 20:37:59,108] INFO Setting UDF blacklisted classes to:  (io.confluent.ksql.function.Blacklist:69)
[2019-02-19 20:37:59,384] INFO Adding UDF name='datetostring' from path=internal (io.confluent.ksql.function.UdfLoader:210)
[2019-02-19 20:37:59,654] INFO Adding function datetostring for method public java.lang.String io.confluent.ksql.function.udf.datetime.DateToString.dateToString(int,java.lang.String) (io.confluent.ksql.function.UdfLoader:244)
[2019-02-19 20:37:59,680] INFO Adding UDF name='stringtodate' from path=internal (io.confluent.ksql.function.UdfLoader:210)
[2019-02-19 20:37:59,691] INFO Adding function stringtodate for method public int io.confluent.ksql.function.udf.datetime.StringToDate.stringToDate(java.lang.String,java.lang.String) (io.confluent.ksql.function.UdfLoader:244)
[2019-02-19 20:37:59,692] INFO Adding UDF name='stringtotimestamp' from path=internal (io.confluent.ksql.function.UdfLoader:210)
[2019-02-19 20:37:59,702] INFO Adding function stringtotimestamp for method public long io.confluent.ksql.function.udf.datetime.StringToTimestamp.stringToTimestamp(java.lang.String,java.lang.String) (io.confluent.ksql.function.UdfLoader:244)
[2019-02-19 20:37:59,702] INFO Adding UDF name='stringtotimestamp' from path=internal (io.confluent.ksql.function.UdfLoader:210)
[2019-02-19 20:37:59,713] INFO Adding function stringtotimestamp for method public long io.confluent.ksql.function.udf.datetime.StringToTimestamp.stringToTimestamp(java.lang.String,java.lang.String,java.lang.String) (io.confluent.ksql.function.UdfLoader:244)
[2019-02-19 20:37:59,716] INFO Adding UDF name='timestamptostring' from path=internal (io.confluent.ksql.function.UdfLoader:210)
[2019-02-19 20:37:59,728] INFO Adding function timestamptostring for method public java.lang.String io.confluent.ksql.function.udf.datetime.TimestampToString.timestampToString(long,java.lang.String) (io.confluent.ksql.function.UdfLoader:244)
[2019-02-19 20:37:59,729] INFO Adding UDF name='timestamptostring' from path=internal (io.confluent.ksql.function.UdfLoader:210)
[2019-02-19 20:37:59,738] INFO Adding function timestamptostring for method public java.lang.String io.confluent.ksql.function.udf.datetime.TimestampToString.timestampToString(long,java.lang.String,java.lang.String) (io.confluent.ksql.function.UdfLoader:244)
[2019-02-19 20:37:59,740] INFO Adding UDF name='mask_keep_left' from path=internal (io.confluent.ksql.function.UdfLoader:210)
[2019-02-19 20:37:59,752] INFO Adding function mask_keep_left for method public java.lang.String io.confluent.ksql.function.udf.string.MaskKeepLeftKudf.mask(java.lang.String,int,java.lang.String,java.lang.String,java.lang.String,java.lang.String) (io.confluent.ksql.function.UdfLoader:244)
[2019-02-19 20:37:59,753] INFO Adding UDF name='mask_keep_left' from path=internal (io.confluent.ksql.function.UdfLoader:210)
[2019-02-19 20:37:59,761] INFO Adding function mask_keep_left for method public java.lang.String io.confluent.ksql.function.udf.string.MaskKeepLeftKudf.mask(java.lang.String,int) (io.confluent.ksql.function.UdfLoader:244)
[2019-02-19 20:37:59,763] INFO Adding UDF name='mask_keep_right' from path=internal (io.confluent.ksql.function.UdfLoader:210)
[2019-02-19 20:37:59,783] INFO Adding function mask_keep_right for method public java.lang.String io.confluent.ksql.function.udf.string.MaskKeepRightKudf.mask(java.lang.String,int,java.lang.String,java.lang.String,java.lang.String,java.lang.String) (io.confluent.ksql.function.UdfLoader:244)
[2019-02-19 20:37:59,784] INFO Adding UDF name='mask_keep_right' from path=internal (io.confluent.ksql.function.UdfLoader:210)
[2019-02-19 20:37:59,793] INFO Adding function mask_keep_right for method public java.lang.String io.confluent.ksql.function.udf.string.MaskKeepRightKudf.mask(java.lang.String,int) (io.confluent.ksql.function.UdfLoader:244)
[2019-02-19 20:37:59,794] INFO Adding UDF name='mask' from path=internal (io.confluent.ksql.function.UdfLoader:210)
[2019-02-19 20:37:59,802] INFO Adding function mask for method public java.lang.String io.confluent.ksql.function.udf.string.MaskKudf.mask(java.lang.String,java.lang.String,java.lang.String,java.lang.String,java.lang.String) (io.confluent.ksql.function.UdfLoader:244)
[2019-02-19 20:37:59,802] INFO Adding UDF name='mask' from path=internal (io.confluent.ksql.function.UdfLoader:210)
[2019-02-19 20:37:59,808] INFO Adding function mask for method public java.lang.String io.confluent.ksql.function.udf.string.MaskKudf.mask(java.lang.String) (io.confluent.ksql.function.UdfLoader:244)
[2019-02-19 20:37:59,808] INFO Adding UDF name='mask_left' from path=internal (io.confluent.ksql.function.UdfLoader:210)
[2019-02-19 20:37:59,823] INFO Adding function mask_left for method public java.lang.String io.confluent.ksql.function.udf.string.MaskLeftKudf.mask(java.lang.String,int,java.lang.String,java.lang.String,java.lang.String,java.lang.String) (io.confluent.ksql.function.UdfLoader:244)
[2019-02-19 20:37:59,824] INFO Adding UDF name='mask_left' from path=internal (io.confluent.ksql.function.UdfLoader:210)
[2019-02-19 20:37:59,831] INFO Adding function mask_left for method public java.lang.String io.confluent.ksql.function.udf.string.MaskLeftKudf.mask(java.lang.String,int) (io.confluent.ksql.function.UdfLoader:244)
[2019-02-19 20:37:59,832] INFO Adding UDF name='mask_right' from path=internal (io.confluent.ksql.function.UdfLoader:210)
[2019-02-19 20:37:59,846] INFO Adding function mask_right for method public java.lang.String io.confluent.ksql.function.udf.string.MaskRightKudf.mask(java.lang.String,int,java.lang.String,java.lang.String,java.lang.String,java.lang.String) (io.confluent.ksql.function.UdfLoader:244)
[2019-02-19 20:37:59,847] INFO Adding UDF name='mask_right' from path=internal (io.confluent.ksql.function.UdfLoader:210)
[2019-02-19 20:37:59,854] INFO Adding function mask_right for method public java.lang.String io.confluent.ksql.function.udf.string.MaskRightKudf.mask(java.lang.String,int) (io.confluent.ksql.function.UdfLoader:244)
[2019-02-19 20:37:59,855] INFO Adding UDF name='split' from path=internal (io.confluent.ksql.function.UdfLoader:210)
[2019-02-19 20:37:59,865] INFO Adding function split for method public java.util.List io.confluent.ksql.function.udf.string.SplitKudf.split(java.lang.String,java.lang.String) (io.confluent.ksql.function.UdfLoader:244)
[2019-02-19 20:37:59,867] INFO Adding UDF name='substring' from path=internal (io.confluent.ksql.function.UdfLoader:210)
[2019-02-19 20:37:59,881] INFO Adding function substring for method public java.lang.String io.confluent.ksql.function.udf.string.Substring.substring(java.lang.String,java.lang.Integer,java.lang.Integer) (io.confluent.ksql.function.UdfLoader:244)
[2019-02-19 20:37:59,882] INFO Adding UDF name='substring' from path=internal (io.confluent.ksql.function.UdfLoader:210)
[2019-02-19 20:37:59,890] INFO Adding function substring for method public java.lang.String io.confluent.ksql.function.udf.string.Substring.substring(java.lang.String,java.lang.Integer) (io.confluent.ksql.function.UdfLoader:244)
[2019-02-19 20:37:59,893] INFO Adding UDF name='url_decode_param' from path=internal (io.confluent.ksql.function.UdfLoader:210)
[2019-02-19 20:37:59,902] INFO Adding function url_decode_param for method public java.lang.String io.confluent.ksql.function.udf.url.UrlDecodeParamKudf.decodeParam(java.lang.String) (io.confluent.ksql.function.UdfLoader:244)
[2019-02-19 20:37:59,904] INFO Adding UDF name='url_encode_param' from path=internal (io.confluent.ksql.function.UdfLoader:210)
[2019-02-19 20:37:59,909] INFO Adding function url_encode_param for method public java.lang.String io.confluent.ksql.function.udf.url.UrlEncodeParamKudf.encodeParam(java.lang.String) (io.confluent.ksql.function.UdfLoader:244)
[2019-02-19 20:37:59,910] INFO Adding UDF name='url_extract_fragment' from path=internal (io.confluent.ksql.function.UdfLoader:210)
[2019-02-19 20:37:59,918] INFO Adding function url_extract_fragment for method public java.lang.String io.confluent.ksql.function.udf.url.UrlExtractFragmentKudf.extractFragment(java.lang.String) (io.confluent.ksql.function.UdfLoader:244)
[2019-02-19 20:37:59,919] INFO Adding UDF name='url_extract_host' from path=internal (io.confluent.ksql.function.UdfLoader:210)
[2019-02-19 20:37:59,926] INFO Adding function url_extract_host for method public java.lang.String io.confluent.ksql.function.udf.url.UrlExtractHostKudf.extractHost(java.lang.String) (io.confluent.ksql.function.UdfLoader:244)
[2019-02-19 20:37:59,928] INFO Adding UDF name='url_extract_parameter' from path=internal (io.confluent.ksql.function.UdfLoader:210)
[2019-02-19 20:37:59,957] INFO Adding function url_extract_parameter for method public java.lang.String io.confluent.ksql.function.udf.url.UrlExtractParameterKudf.extractParam(java.lang.String,java.lang.String) (io.confluent.ksql.function.UdfLoader:244)
[2019-02-19 20:37:59,958] INFO Adding UDF name='url_extract_path' from path=internal (io.confluent.ksql.function.UdfLoader:210)
[2019-02-19 20:37:59,965] INFO Adding function url_extract_path for method public java.lang.String io.confluent.ksql.function.udf.url.UrlExtractPathKudf.extractPath(java.lang.String) (io.confluent.ksql.function.UdfLoader:244)
[2019-02-19 20:37:59,966] INFO Adding UDF name='url_extract_port' from path=internal (io.confluent.ksql.function.UdfLoader:210)
[2019-02-19 20:37:59,971] INFO Adding function url_extract_port for method public java.lang.Integer io.confluent.ksql.function.udf.url.UrlExtractPortKudf.extractPort(java.lang.String) (io.confluent.ksql.function.UdfLoader:244)
[2019-02-19 20:37:59,972] INFO Adding UDF name='url_extract_protocol' from path=internal (io.confluent.ksql.function.UdfLoader:210)
[2019-02-19 20:37:59,977] INFO Adding function url_extract_protocol for method public java.lang.String io.confluent.ksql.function.udf.url.UrlExtractProtocolKudf.extractProtocol(java.lang.String) (io.confluent.ksql.function.UdfLoader:244)
[2019-02-19 20:37:59,978] INFO Adding UDF name='url_extract_query' from path=internal (io.confluent.ksql.function.UdfLoader:210)
[2019-02-19 20:37:59,986] INFO Adding function url_extract_query for method public java.lang.String io.confluent.ksql.function.udf.url.UrlExtractQueryKudf.extractQuery(java.lang.String) (io.confluent.ksql.function.UdfLoader:244)
[2019-02-19 20:37:59,994] INFO Adding UDAF name=collect_list from path=internal class=class io.confluent.ksql.function.udaf.array.CollectListUdaf (io.confluent.ksql.function.UdfLoader:166)
[2019-02-19 20:38:00,038] INFO Adding UDAF name=collect_list from path=internal class=class io.confluent.ksql.function.udaf.array.CollectListUdaf (io.confluent.ksql.function.UdfLoader:166)
[2019-02-19 20:38:00,054] INFO Adding UDAF name=collect_list from path=internal class=class io.confluent.ksql.function.udaf.array.CollectListUdaf (io.confluent.ksql.function.UdfLoader:166)
[2019-02-19 20:38:00,074] INFO Adding UDAF name=collect_list from path=internal class=class io.confluent.ksql.function.udaf.array.CollectListUdaf (io.confluent.ksql.function.UdfLoader:166)
[2019-02-19 20:38:00,088] INFO Adding UDAF name=collect_list from path=internal class=class io.confluent.ksql.function.udaf.array.CollectListUdaf (io.confluent.ksql.function.UdfLoader:166)
[2019-02-19 20:38:00,112] INFO Adding UDAF name=collect_set from path=internal class=class io.confluent.ksql.function.udaf.array.CollectSetUdaf (io.confluent.ksql.function.UdfLoader:166)
[2019-02-19 20:38:00,127] INFO Adding UDAF name=collect_set from path=internal class=class io.confluent.ksql.function.udaf.array.CollectSetUdaf (io.confluent.ksql.function.UdfLoader:166)
[2019-02-19 20:38:00,138] INFO Adding UDAF name=collect_set from path=internal class=class io.confluent.ksql.function.udaf.array.CollectSetUdaf (io.confluent.ksql.function.UdfLoader:166)
[2019-02-19 20:38:00,149] INFO Adding UDAF name=collect_set from path=internal class=class io.confluent.ksql.function.udaf.array.CollectSetUdaf (io.confluent.ksql.function.UdfLoader:166)
[2019-02-19 20:38:00,159] INFO Adding UDAF name=collect_set from path=internal class=class io.confluent.ksql.function.udaf.array.CollectSetUdaf (io.confluent.ksql.function.UdfLoader:166)
[2019-02-19 20:38:00,171] INFO Adding UDAF name=histogram from path=internal class=class io.confluent.ksql.function.udaf.map.HistogramUdaf (io.confluent.ksql.function.UdfLoader:166)
[2019-02-19 20:38:00,214] INFO Adding UDAF name=WindowEnd from path=internal class=class io.confluent.ksql.function.udaf.window.WindowEndKudaf (io.confluent.ksql.function.UdfLoader:166)
[2019-02-19 20:38:00,225] INFO Adding UDAF name=WindowStart from path=internal class=class io.confluent.ksql.function.udaf.window.WindowStartKudaf (io.confluent.ksql.function.UdfLoader:166)
[2019-02-19 20:38:00,288] INFO Corrected retention.ms on command topic. topic:_confluent-ksql-default__command_topic, retention.ms:9223372036854775807 (io.confluent.ksql.rest.server.KsqlRestApplication:469)
[2019-02-19 20:38:00,389] INFO KafkaJsonDeserializerConfig values: 
	json.fail.unknown.properties = true
	json.key.type = class io.confluent.ksql.rest.server.computation.CommandId
	json.value.type = class java.lang.Object
 (io.confluent.kafka.serializers.KafkaJsonDeserializerConfig:179)
[2019-02-19 20:38:00,389] INFO KafkaJsonDeserializerConfig values: 
	json.fail.unknown.properties = true
	json.key.type = class java.lang.Object
	json.value.type = class io.confluent.ksql.rest.server.computation.Command
 (io.confluent.kafka.serializers.KafkaJsonDeserializerConfig:179)
[2019-02-19 20:38:00,432] INFO KafkaJsonSerializerConfig values: 
	json.indent.output = false
 (io.confluent.kafka.serializers.KafkaJsonSerializerConfig:179)
[2019-02-19 20:38:00,433] INFO KafkaJsonSerializerConfig values: 
	json.indent.output = false
 (io.confluent.kafka.serializers.KafkaJsonSerializerConfig:179)
[2019-02-19 20:38:05,594] INFO Logging initialized @8487ms to org.eclipse.jetty.util.log.Slf4jLog (org.eclipse.jetty.util.log:193)
[2019-02-19 20:38:05,601] INFO Starting server (io.confluent.ksql.rest.server.KsqlServerMain:56)
[2019-02-19 20:38:05,732] INFO Adding listener: http://localhost:8088 (io.confluent.rest.Application:226)
[2019-02-19 20:38:05,995] INFO jetty-9.4.14.v20181114; built: 2018-11-14T21:20:31.478Z; git: c4550056e785fb5665914545889f21dc136ad9e6; jvm 11.0.2+9-LTS (org.eclipse.jetty.server.Server:370)
[2019-02-19 20:38:06,039] INFO DefaultSessionIdManager workerName=node0 (org.eclipse.jetty.server.session:365)
[2019-02-19 20:38:06,040] INFO No SessionScavenger set, using defaults (org.eclipse.jetty.server.session:370)
[2019-02-19 20:38:06,041] INFO node0 Scavenging every 600000ms (org.eclipse.jetty.server.session:149)
[2019-02-19 20:38:06,622] INFO HV000001: Hibernate Validator 5.1.3.Final (org.hibernate.validator.internal.util.Version:27)
[2019-02-19 20:38:06,731] INFO Started o.e.j.s.ServletContextHandler@650c405c{/,null,AVAILABLE} (org.eclipse.jetty.server.handler.ContextHandler:855)
[2019-02-19 20:38:06,762] INFO Started o.e.j.s.ServletContextHandler@17092fff{/ws,null,AVAILABLE} (org.eclipse.jetty.server.handler.ContextHandler:855)
[2019-02-19 20:38:06,778] INFO Started NetworkTrafficServerConnector@58d6b7b9{HTTP/1.1,[http/1.1]}{localhost:8088} (org.eclipse.jetty.server.AbstractConnector:292)
[2019-02-19 20:38:06,780] INFO Started @9673ms (org.eclipse.jetty.server.Server:407)
[2019-02-19 20:38:06,780] WARN Writing to metrics Kafka topic will be disabled (io.confluent.support.metrics.PhoneHomeConfig:61)
[2019-02-19 20:38:06,780] INFO No customer ID configured -- falling back to id 'anonymous' (io.confluent.support.metrics.BaseSupportConfig:342)
[2019-02-19 20:38:06,781] WARN Enforcing customer ID 'anonymous' (io.confluent.support.metrics.PhoneHomeConfig:66)
[2019-02-19 20:38:06,794] WARN Please note that the version check feature of KSQL is enabled.  With this enabled, this instance is configured to collect and report anonymously the version information to Confluent, Inc. ("Confluent") or its parent, subsidiaries, affiliates or service providers every 24hours.  This Metadata may be transferred to any country in which Confluent maintains facilities.  For a more in depth discussion of how Confluent processes such information, please read our Privacy Policy located at http://www.confluent.io/privacy. By proceeding with `confluent.support.metrics.enable=true`, you agree to all such collection, transfer and use of Version information by Confluent. You can turn the version check  feature off by setting `confluent.support.metrics.enable=false` in the KSQL configuration and restarting the KSQL.  See the Confluent Platform documentation for further information. (io.confluent.ksql.version.metrics.KsqlVersionCheckerAgent:89)
[2019-02-19 20:38:06,794] INFO Waiting until monitored service is ready for metrics collection (io.confluent.support.metrics.BaseMetricsReporter:197)
[2019-02-19 20:38:06,795] INFO Monitored service is now ready (io.confluent.support.metrics.BaseMetricsReporter:208)
[2019-02-19 20:38:06,796] INFO Attempting to collect and submit metrics (io.confluent.support.metrics.BaseMetricsReporter:168)
[2019-02-19 20:38:06,801] INFO Server up and running (io.confluent.ksql.rest.server.KsqlServerMain:58)
[2019-02-19 20:38:07,986] INFO Successfully submitted metrics to Confluent via secure endpoint (io.confluent.support.metrics.submitters.ConfluentSubmitter:149)
[2019-02-19 20:38:13,660] INFO 127.0.0.1 - - [20/Feb/2019:01:38:13 +0000] "GET /info HTTP/1.1" 200 116  275 (io.confluent.rest-utils.requests:60)
[2019-02-19 20:38:13,765] INFO 127.0.0.1 - - [20/Feb/2019:01:38:13 +0000] "GET /info HTTP/1.1" 200 116  3 (io.confluent.rest-utils.requests:60)
[2019-02-19 20:38:15,303] INFO KsqlConfig values: 
	ksql.extension.dir = ext
	ksql.functions.substring.legacy.args = false
	ksql.named.internal.topics = on
	ksql.output.topic.name.prefix = 
	ksql.persistent.prefix = query_
	ksql.query.persistent.active.limit = 2147483647
	ksql.schema.registry.url = http://localhost:8081
	ksql.service.id = default_
	ksql.sink.partitions = 4
	ksql.sink.replicas = 1
	ksql.sink.window.change.log.additional.retention = 1000000
	ksql.statestore.suffix = _ksql_statestore
	ksql.transient.prefix = transient_
	ksql.udf.collect.metrics = false
	ksql.udf.enable.security.manager = true
	ksql.udfs.enabled = true
	ksql.windowed.session.key.legacy = false
	ssl.cipher.suites = null
	ssl.enabled.protocols = [TLSv1.2, TLSv1.1, TLSv1]
	ssl.endpoint.identification.algorithm = https
	ssl.key.password = null
	ssl.keymanager.algorithm = SunX509
	ssl.keystore.location = null
	ssl.keystore.password = null
	ssl.keystore.type = JKS
	ssl.protocol = TLS
	ssl.provider = null
	ssl.secure.random.implementation = null
	ssl.trustmanager.algorithm = PKIX
	ssl.truststore.location = null
	ssl.truststore.password = null
	ssl.truststore.type = JKS
 (io.confluent.ksql.util.KsqlConfig:279)
[2019-02-19 20:38:15,303] INFO Build logical plan for CREATE FUNCTION GREET(NAME VARCHAR) RETURNS STRING LANGUAGE JAVASCRIPT ;. (io.confluent.ksql.QueryEngine:82)
[2019-02-19 20:38:15,327] INFO 127.0.0.1 - - [20/Feb/2019:01:38:15 +0000] "POST /ksql HTTP/1.1" 400 5930  147 (io.confluent.rest-utils.requests:60)
